Build directory: /workspaces/cuda-quantum/build
CUDA version 12.0 detected.
Using cuQuantum installation in /usr/local/lib/python3.10/dist-packages/cuquantum.
Using cuTensor installation in /usr/local/lib/python3.10/dist-packages/cutensor.
Configuring nvq++ to use the lld linker by default.
Preparing CUDA-Q build with LLVM installation in /usr/local/llvm...
-- Submodule update
-- CUDA Quantum static linking disabled.
-- Using LLVMConfig.cmake in: /usr/local/llvm/lib/cmake/llvm
-- Using ClangConfig.cmake in: /usr/local/llvm/lib/cmake/clang
-- Using MLIRConfig.cmake in: /usr/local/llvm/lib/cmake/mlir
-- Build type is Debug
-- MPI CXX Found: /usr/local/openmpi/bin/mpiexec
-- Building default MPI Comm plugin
-- Module support is disabled.
-- Version: 8.1.2
-- Build type: Debug
-- CXX_STANDARD: 20
-- Required features: cxx_variadic_templates
-- Build spdlog: 1.11.0
-- Build type: Debug
-- Using system curl for CPR.
-- C++ Requests CMake Options
-- =======================================================
--   CPR_GENERATE_COVERAGE: OFF
--   CPR_CURL_NOSIGNAL: OFF
--   CPR_USE_SYSTEM_GTEST: OFF
--   CPR_FORCE_USE_SYSTEM_CURL: TRUE
--   CPR_ENABLE_SSL: ON
--   CPR_FORCE_OPENSSL_BACKEND: ON
--   CPR_FORCE_WINSSL_BACKEND: OFF
--   CPR_FORCE_DARWINSSL_BACKEND: OFF
--   CPR_FORCE_MBEDTLS_BACKEND: OFF
--   CPR_ENABLE_LINTING: OFF
--   CPR_ENABLE_CPPCHECK: OFF
--   CPR_BUILD_TESTS: OFF
--   CPR_BUILD_TESTS_SSL: OFF
-- =======================================================
-- Disabled SSL backend auto detect since either CPR_FORCE_OPENSSL_BACKEND, CPR_FORCE_DARWINSSL_BACKEND, CPR_FORCE_MBEDTLS_BACKEND, or CPR_FORCE_WINSSL_BACKEND is enabled.
-- Using OpenSSL.
-- Curl 8.5.0 found on this system.
-- OpenMP Found. Adding interface definitions to target libqpp.
-- Cuda language found.
-- Building with -fPIC
-- Building with -fPIC
-- Building with -fPIC
-- OpenSSL Found, building REST Client.
-- OpenMP Found. Adding build flags to target nvqir-qpp: -fopenmp.
-- OpenMP Found. Adding build flags to target nvqir-dm: -fopenmp.
-- Found Python: /usr/bin/python3.10 (found version "3.10.12") found components: Interpreter Development Development.Module Development.Embed 
-- Could NOT find pybind11 (missing: pybind11_DIR)
-- CUSTATEVEC_ROOT and CUDA_FOUND - building custatevec NVQIR backend.
-- CUSTATEVEC_LIB: /usr/local/lib/python3.10/dist-packages/cuquantum/lib/libcustatevec.so.1
-- CUTENSOR_LIB: /usr/local/lib/python3.10/dist-packages/cutensor/lib/libcutensor.so.2
-- CUTENSORNET_LIB: /usr/local/lib/python3.10/dist-packages/cuquantum/lib/libcutensornet.so.2
-- CUTENSORNET_INC: /usr/local/lib/python3.10/dist-packages/cuquantum/include/cutensornet.h
-- Found cutensornet version: 2.6.0
-- cudensitymat header: /usr/local/lib/python3.10/dist-packages/cuquantum/include/cudensitymat.h
-- Building with -fPIC
-- OpenMP Found. Adding build flags to target cudaq-em-photonics: -fopenmp.
-- OpenMP Found. Adding build flags to target cudaq-ensmallen: -fopenmp.
-- Building with -fPIC
-- Building REST QPU.
-- Found AWS SDK for C++, Version: 1.11.454, Install Root:/usr/local/aws, Platform Prefix:, Platform Dependent Libraries: pthread;curl
-- Components specified for AWSSDK: braket;s3-crt;sts, application will be depending on libs: aws-cpp-sdk-braket;aws-cpp-sdk-s3-crt;aws-cpp-sdk-sts;aws-cpp-sdk-core;aws-crt-cpp;aws-c-http;aws-c-mqtt;aws-c-cal;aws-c-auth;aws-c-common;aws-c-io;aws-checksums;aws-c-event-stream;aws-c-s3;aws-c-compression;aws-c-sdkutils;pthread;curl
-- Try finding aws-cpp-sdk-core
-- LibCrypto Include Dir: /usr/local/openssl/include
-- LibCrypto Shared Lib:  crypto_SHARED_LIBRARY-NOTFOUND
-- LibCrypto Static Lib:  crypto_STATIC_LIBRARY-NOTFOUND
-- Found aws-cpp-sdk-core
-- Try finding aws-cpp-sdk-sts
-- Found aws-cpp-sdk-sts
-- Try finding aws-cpp-sdk-s3-crt
-- Found aws-cpp-sdk-s3-crt
-- Try finding aws-cpp-sdk-braket
-- Found aws-cpp-sdk-braket
-- Found AWS SDK for C++, Version: 1.11.454, Install Root:/usr/local/aws, Platform Prefix:, Platform Dependent Libraries: pthread;curl
-- Components specified for AWSSDK: braket;s3-crt;sts, application will be depending on libs: aws-cpp-sdk-braket;aws-cpp-sdk-s3-crt;aws-cpp-sdk-sts;aws-cpp-sdk-core;aws-crt-cpp;aws-c-http;aws-c-mqtt;aws-c-cal;aws-c-auth;aws-c-common;aws-c-io;aws-checksums;aws-c-event-stream;aws-c-s3;aws-c-compression;aws-c-sdkutils;pthread;curl
-- Try finding aws-cpp-sdk-core
-- LibCrypto Include Dir: /usr/local/openssl/include
-- LibCrypto Shared Lib:  crypto_SHARED_LIBRARY-NOTFOUND
-- LibCrypto Static Lib:  crypto_STATIC_LIBRARY-NOTFOUND
-- Found aws-cpp-sdk-core
-- Try finding aws-cpp-sdk-sts
-- Found aws-cpp-sdk-sts
-- Try finding aws-cpp-sdk-s3-crt
-- Found aws-cpp-sdk-s3-crt
-- Try finding aws-cpp-sdk-braket
-- Found aws-cpp-sdk-braket
-- Could NOT find PkgConfig (missing: PKG_CONFIG_EXECUTABLE) 
-- Minizip found: /usr/local/zlib/lib/libminizip.a and /usr/local/zlib/include/minizip/unzip.h
-- Building ORCA REST QPU.
-- Building Fermioniq REST QPU.
-- Building QuEra REST QPU.
-- Building Pasqal REST QPU.
-- Building with -fPIC
-- OpenMP Found. Adding build flags to target cudaq-chemistry: -fopenmp.
-- OpenMP Found. Adding build flags to target cudaq-operator: -fopenmp.
-- Building with -fPIC
-- Building with -fPIC
-- Building cutensornet backend tests.
-- Building with -fPIC
-- Registering CustomPassPlugin as a pass plugin (static build: OFF)
-- Found Python: /usr/bin/python3.10 (found version "3.10.12") found components: Interpreter 
-- OpenMP Found. Adding build flags to target nvqir-qpp-observe-test: -fopenmp.
-- Building with -fPIC
-- Configuring done (6.5s)
-- Generating done (0.2s)
-- Build files have been written to: /workspaces/cuda-quantum/build
Building CUDA-Q with configuration Debug...
[1/350] Building CXX object runtime/common/CMakeFiles/cudaq-common.dir/Trace.cpp.o
[2/350] Building CXX object runtime/nvqir/cutensornet/CMakeFiles/nvqir-tensornet.dir/tensornet_spin_op.cpp.o
FAILED: runtime/nvqir/cutensornet/CMakeFiles/nvqir-tensornet.dir/tensornet_spin_op.cpp.o 
/usr/local/llvm/bootstrap/cxx -DCUDAQ_DEBUG -DFMT_HEADER_ONLY=1 -Dnvqir_tensornet_EXPORTS -I/workspaces/cuda-quantum/build/include -I/workspaces/cuda-quantum/include -I/workspaces/cuda-quantum/runtime/common -I/workspaces/cuda-quantum/runtime/nvqir -I/usr/local/lib/python3.10/dist-packages/cuquantum/include -I/workspaces/cuda-quantum/tpls/fmt/include -I/workspaces/cuda-quantum/runtime -I/workspaces/cuda-quantum/tpls/eigen -isystem /usr/local/llvm/include -isystem /workspaces/cuda-quantum/tpls/json/include -isystem /usr/local/cuda-12.0/include -Wno-ctad-maybe-unsupported -g -std=gnu++20 -fPIC   -D_GNU_SOURCE -D_DEBUG -D__STDC_CONSTANT_MACROS -D__STDC_FORMAT_MACROS -D__STDC_LIMIT_MACROS -Werror -MD -MT runtime/nvqir/cutensornet/CMakeFiles/nvqir-tensornet.dir/tensornet_spin_op.cpp.o -MF runtime/nvqir/cutensornet/CMakeFiles/nvqir-tensornet.dir/tensornet_spin_op.cpp.o.d -o runtime/nvqir/cutensornet/CMakeFiles/nvqir-tensornet.dir/tensornet_spin_op.cpp.o -c /workspaces/cuda-quantum/runtime/nvqir/cutensornet/tensornet_spin_op.cpp
/workspaces/cuda-quantum/runtime/nvqir/cutensornet/tensornet_spin_op.cpp: In constructor ‘nvqir::TensorNetworkSpinOp::TensorNetworkSpinOp(const spin_op&, cutensornetHandle_t)’:
/workspaces/cuda-quantum/runtime/nvqir/cutensornet/tensornet_spin_op.cpp:91:25: error: ‘const spin_op’ {aka ‘const class cudaq::operator_sum<cudaq::spin_op>’} has no member named ‘get_terms’; did you mean ‘num_terms’?
   91 |     auto terms = spinOp.get_terms();
      |                         ^~~~~~~~~
      |                         num_terms
/workspaces/cuda-quantum/runtime/nvqir/cutensornet/tensornet_spin_op.cpp:112:64: error: no matching function for call to ‘std::vector<int>::vector(<brace-enclosed initializer list>)’
  112 |               std::vector<int32_t>{static_cast<int32_t>(target)});
      |                                                                ^
In file included from /usr/include/c++/11/vector:67,
                 from /workspaces/cuda-quantum/runtime/cudaq/operators.h:14,
                 from /workspaces/cuda-quantum/runtime/nvqir/cutensornet/tensornet_spin_op.h:10,
                 from /workspaces/cuda-quantum/runtime/nvqir/cutensornet/tensornet_spin_op.cpp:9:
/usr/include/c++/11/bits/stl_vector.h:653:9: note: candidate: ‘template<class _InputIterator, class> std::vector<_Tp, _Alloc>::vector(_InputIterator, _InputIterator, const allocator_type&) [with _InputIterator = _InputIterator; <template-parameter-2-2> = <template-parameter-1-2>; _Tp = int; _Alloc = std::allocator<int>]’
  653 |         vector(_InputIterator __first, _InputIterator __last,
      |         ^~~~~~
/usr/include/c++/11/bits/stl_vector.h:653:9: note:   template argument deduction/substitution failed:
/usr/include/c++/11/bits/stl_vector.h:625:7: note: candidate: ‘std::vector<_Tp, _Alloc>::vector(std::initializer_list<_Tp>, const allocator_type&) [with _Tp = int; _Alloc = std::allocator<int>; std::vector<_Tp, _Alloc>::allocator_type = std::allocator<int>]’
  625 |       vector(initializer_list<value_type> __l,
      |       ^~~~~~
/usr/include/c++/11/bits/stl_vector.h:625:7: note:   conversion of argument 1 would be ill-formed:
/usr/include/c++/11/bits/stl_vector.h:607:7: note: candidate: ‘std::vector<_Tp, _Alloc>::vector(std::vector<_Tp, _Alloc>&&, const allocator_type&) [with _Tp = int; _Alloc = std::allocator<int>; std::vector<_Tp, _Alloc>::allocator_type = std::allocator<int>]’
  607 |       vector(vector&& __rv, const allocator_type& __m)
      |       ^~~~~~
/usr/include/c++/11/bits/stl_vector.h:607:7: note:   candidate expects 2 arguments, 1 provided
/usr/include/c++/11/bits/stl_vector.h:589:7: note: candidate: ‘std::vector<_Tp, _Alloc>::vector(std::vector<_Tp, _Alloc>&&, const allocator_type&, std::false_type) [with _Tp = int; _Alloc = std::allocator<int>; std::vector<_Tp, _Alloc>::allocator_type = std::allocator<int>; std::false_type = std::integral_constant<bool, false>]’
  589 |       vector(vector&& __rv, const allocator_type& __m, false_type)
      |       ^~~~~~
/usr/include/c++/11/bits/stl_vector.h:589:7: note:   candidate expects 3 arguments, 1 provided
/usr/include/c++/11/bits/stl_vector.h:585:7: note: candidate: ‘std::vector<_Tp, _Alloc>::vector(std::vector<_Tp, _Alloc>&&, const allocator_type&, std::true_type) [with _Tp = int; _Alloc = std::allocator<int>; std::vector<_Tp, _Alloc>::allocator_type = std::allocator<int>; std::true_type = std::integral_constant<bool, true>]’
  585 |       vector(vector&& __rv, const allocator_type& __m, true_type) noexcept
      |       ^~~~~~
/usr/include/c++/11/bits/stl_vector.h:585:7: note:   candidate expects 3 arguments, 1 provided
/usr/include/c++/11/bits/stl_vector.h:575:7: note: candidate: ‘std::vector<_Tp, _Alloc>::vector(const std::vector<_Tp, _Alloc>&, const allocator_type&) [with _Tp = int; _Alloc = std::allocator<int>; std::vector<_Tp, _Alloc>::allocator_type = std::allocator<int>]’
  575 |       vector(const vector& __x, const allocator_type& __a)
      |       ^~~~~~
/usr/include/c++/11/bits/stl_vector.h:575:7: note:   candidate expects 2 arguments, 1 provided
/usr/include/c++/11/bits/stl_vector.h:572:7: note: candidate: ‘std::vector<_Tp, _Alloc>::vector(std::vector<_Tp, _Alloc>&&) [with _Tp = int; _Alloc = std::allocator<int>]’
  572 |       vector(vector&&) noexcept = default;
      |       ^~~~~~
/usr/include/c++/11/bits/stl_vector.h:572:7: note:   conversion of argument 1 would be ill-formed:
/usr/include/c++/11/bits/stl_vector.h:553:7: note: candidate: ‘std::vector<_Tp, _Alloc>::vector(const std::vector<_Tp, _Alloc>&) [with _Tp = int; _Alloc = std::allocator<int>]’
  553 |       vector(const vector& __x)
      |       ^~~~~~
/usr/include/c++/11/bits/stl_vector.h:553:7: note:   conversion of argument 1 would be ill-formed:
/usr/include/c++/11/bits/stl_vector.h:522:7: note: candidate: ‘std::vector<_Tp, _Alloc>::vector(std::vector<_Tp, _Alloc>::size_type, const value_type&, const allocator_type&) [with _Tp = int; _Alloc = std::allocator<int>; std::vector<_Tp, _Alloc>::size_type = long unsigned int; std::vector<_Tp, _Alloc>::value_type = int; std::vector<_Tp, _Alloc>::allocator_type = std::allocator<int>]’
  522 |       vector(size_type __n, const value_type& __value,
      |       ^~~~~~
/usr/include/c++/11/bits/stl_vector.h:522:7: note:   candidate expects 3 arguments, 1 provided
/usr/include/c++/11/bits/stl_vector.h:510:7: note: candidate: ‘std::vector<_Tp, _Alloc>::vector(std::vector<_Tp, _Alloc>::size_type, const allocator_type&) [with _Tp = int; _Alloc = std::allocator<int>; std::vector<_Tp, _Alloc>::size_type = long unsigned int; std::vector<_Tp, _Alloc>::allocator_type = std::allocator<int>]’
  510 |       vector(size_type __n, const allocator_type& __a = allocator_type())
      |       ^~~~~~
/usr/include/c++/11/bits/stl_vector.h:510:7: note:   conversion of argument 1 would be ill-formed:
/usr/include/c++/11/bits/stl_vector.h:497:7: note: candidate: ‘std::vector<_Tp, _Alloc>::vector(const allocator_type&) [with _Tp = int; _Alloc = std::allocator<int>; std::vector<_Tp, _Alloc>::allocator_type = std::allocator<int>]’
  497 |       vector(const allocator_type& __a) _GLIBCXX_NOEXCEPT
      |       ^~~~~~
/usr/include/c++/11/bits/stl_vector.h:497:7: note:   conversion of argument 1 would be ill-formed:
/usr/include/c++/11/bits/stl_vector.h:487:7: note: candidate: ‘std::vector<_Tp, _Alloc>::vector() [with _Tp = int; _Alloc = std::allocator<int>]’
  487 |       vector() = default;
      |       ^~~~~~
/usr/include/c++/11/bits/stl_vector.h:487:7: note:   candidate expects 0 arguments, 1 provided
[3/350] Building CXX object runtime/nvqir/cutensornet/CMakeFiles/nvqir-tensornet-mps.dir/tensornet_spin_op.cpp.o
FAILED: runtime/nvqir/cutensornet/CMakeFiles/nvqir-tensornet-mps.dir/tensornet_spin_op.cpp.o 
/usr/local/llvm/bootstrap/cxx -DCUDAQ_DEBUG -DFMT_HEADER_ONLY=1 -Dnvqir_tensornet_mps_EXPORTS -I/workspaces/cuda-quantum/build/include -I/workspaces/cuda-quantum/include -I/workspaces/cuda-quantum/runtime/common -I/workspaces/cuda-quantum/runtime/nvqir -I/usr/local/lib/python3.10/dist-packages/cuquantum/include -I/workspaces/cuda-quantum/tpls/fmt/include -I/workspaces/cuda-quantum/runtime -I/workspaces/cuda-quantum/tpls/eigen -isystem /usr/local/llvm/include -isystem /workspaces/cuda-quantum/tpls/json/include -isystem /usr/local/cuda-12.0/include -Wno-ctad-maybe-unsupported -g -std=gnu++20 -fPIC   -D_GNU_SOURCE -D_DEBUG -D__STDC_CONSTANT_MACROS -D__STDC_FORMAT_MACROS -D__STDC_LIMIT_MACROS -Werror -MD -MT runtime/nvqir/cutensornet/CMakeFiles/nvqir-tensornet-mps.dir/tensornet_spin_op.cpp.o -MF runtime/nvqir/cutensornet/CMakeFiles/nvqir-tensornet-mps.dir/tensornet_spin_op.cpp.o.d -o runtime/nvqir/cutensornet/CMakeFiles/nvqir-tensornet-mps.dir/tensornet_spin_op.cpp.o -c /workspaces/cuda-quantum/runtime/nvqir/cutensornet/tensornet_spin_op.cpp
/workspaces/cuda-quantum/runtime/nvqir/cutensornet/tensornet_spin_op.cpp: In constructor ‘nvqir::TensorNetworkSpinOp::TensorNetworkSpinOp(const spin_op&, cutensornetHandle_t)’:
/workspaces/cuda-quantum/runtime/nvqir/cutensornet/tensornet_spin_op.cpp:91:25: error: ‘const spin_op’ {aka ‘const class cudaq::operator_sum<cudaq::spin_op>’} has no member named ‘get_terms’; did you mean ‘num_terms’?
   91 |     auto terms = spinOp.get_terms();
      |                         ^~~~~~~~~
      |                         num_terms
/workspaces/cuda-quantum/runtime/nvqir/cutensornet/tensornet_spin_op.cpp:112:64: error: no matching function for call to ‘std::vector<int>::vector(<brace-enclosed initializer list>)’
  112 |               std::vector<int32_t>{static_cast<int32_t>(target)});
      |                                                                ^
In file included from /usr/include/c++/11/vector:67,
                 from /workspaces/cuda-quantum/runtime/cudaq/operators.h:14,
                 from /workspaces/cuda-quantum/runtime/nvqir/cutensornet/tensornet_spin_op.h:10,
                 from /workspaces/cuda-quantum/runtime/nvqir/cutensornet/tensornet_spin_op.cpp:9:
/usr/include/c++/11/bits/stl_vector.h:653:9: note: candidate: ‘template<class _InputIterator, class> std::vector<_Tp, _Alloc>::vector(_InputIterator, _InputIterator, const allocator_type&) [with _InputIterator = _InputIterator; <template-parameter-2-2> = <template-parameter-1-2>; _Tp = int; _Alloc = std::allocator<int>]’
  653 |         vector(_InputIterator __first, _InputIterator __last,
      |         ^~~~~~
/usr/include/c++/11/bits/stl_vector.h:653:9: note:   template argument deduction/substitution failed:
/usr/include/c++/11/bits/stl_vector.h:625:7: note: candidate: ‘std::vector<_Tp, _Alloc>::vector(std::initializer_list<_Tp>, const allocator_type&) [with _Tp = int; _Alloc = std::allocator<int>; std::vector<_Tp, _Alloc>::allocator_type = std::allocator<int>]’
  625 |       vector(initializer_list<value_type> __l,
      |       ^~~~~~
/usr/include/c++/11/bits/stl_vector.h:625:7: note:   conversion of argument 1 would be ill-formed:
/usr/include/c++/11/bits/stl_vector.h:607:7: note: candidate: ‘std::vector<_Tp, _Alloc>::vector(std::vector<_Tp, _Alloc>&&, const allocator_type&) [with _Tp = int; _Alloc = std::allocator<int>; std::vector<_Tp, _Alloc>::allocator_type = std::allocator<int>]’
  607 |       vector(vector&& __rv, const allocator_type& __m)
      |       ^~~~~~
/usr/include/c++/11/bits/stl_vector.h:607:7: note:   candidate expects 2 arguments, 1 provided
/usr/include/c++/11/bits/stl_vector.h:589:7: note: candidate: ‘std::vector<_Tp, _Alloc>::vector(std::vector<_Tp, _Alloc>&&, const allocator_type&, std::false_type) [with _Tp = int; _Alloc = std::allocator<int>; std::vector<_Tp, _Alloc>::allocator_type = std::allocator<int>; std::false_type = std::integral_constant<bool, false>]’
  589 |       vector(vector&& __rv, const allocator_type& __m, false_type)
      |       ^~~~~~
/usr/include/c++/11/bits/stl_vector.h:589:7: note:   candidate expects 3 arguments, 1 provided
/usr/include/c++/11/bits/stl_vector.h:585:7: note: candidate: ‘std::vector<_Tp, _Alloc>::vector(std::vector<_Tp, _Alloc>&&, const allocator_type&, std::true_type) [with _Tp = int; _Alloc = std::allocator<int>; std::vector<_Tp, _Alloc>::allocator_type = std::allocator<int>; std::true_type = std::integral_constant<bool, true>]’
  585 |       vector(vector&& __rv, const allocator_type& __m, true_type) noexcept
      |       ^~~~~~
/usr/include/c++/11/bits/stl_vector.h:585:7: note:   candidate expects 3 arguments, 1 provided
/usr/include/c++/11/bits/stl_vector.h:575:7: note: candidate: ‘std::vector<_Tp, _Alloc>::vector(const std::vector<_Tp, _Alloc>&, const allocator_type&) [with _Tp = int; _Alloc = std::allocator<int>; std::vector<_Tp, _Alloc>::allocator_type = std::allocator<int>]’
  575 |       vector(const vector& __x, const allocator_type& __a)
      |       ^~~~~~
/usr/include/c++/11/bits/stl_vector.h:575:7: note:   candidate expects 2 arguments, 1 provided
/usr/include/c++/11/bits/stl_vector.h:572:7: note: candidate: ‘std::vector<_Tp, _Alloc>::vector(std::vector<_Tp, _Alloc>&&) [with _Tp = int; _Alloc = std::allocator<int>]’
  572 |       vector(vector&&) noexcept = default;
      |       ^~~~~~
/usr/include/c++/11/bits/stl_vector.h:572:7: note:   conversion of argument 1 would be ill-formed:
/usr/include/c++/11/bits/stl_vector.h:553:7: note: candidate: ‘std::vector<_Tp, _Alloc>::vector(const std::vector<_Tp, _Alloc>&) [with _Tp = int; _Alloc = std::allocator<int>]’
  553 |       vector(const vector& __x)
      |       ^~~~~~
/usr/include/c++/11/bits/stl_vector.h:553:7: note:   conversion of argument 1 would be ill-formed:
/usr/include/c++/11/bits/stl_vector.h:522:7: note: candidate: ‘std::vector<_Tp, _Alloc>::vector(std::vector<_Tp, _Alloc>::size_type, const value_type&, const allocator_type&) [with _Tp = int; _Alloc = std::allocator<int>; std::vector<_Tp, _Alloc>::size_type = long unsigned int; std::vector<_Tp, _Alloc>::value_type = int; std::vector<_Tp, _Alloc>::allocator_type = std::allocator<int>]’
  522 |       vector(size_type __n, const value_type& __value,
      |       ^~~~~~
/usr/include/c++/11/bits/stl_vector.h:522:7: note:   candidate expects 3 arguments, 1 provided
/usr/include/c++/11/bits/stl_vector.h:510:7: note: candidate: ‘std::vector<_Tp, _Alloc>::vector(std::vector<_Tp, _Alloc>::size_type, const allocator_type&) [with _Tp = int; _Alloc = std::allocator<int>; std::vector<_Tp, _Alloc>::size_type = long unsigned int; std::vector<_Tp, _Alloc>::allocator_type = std::allocator<int>]’
  510 |       vector(size_type __n, const allocator_type& __a = allocator_type())
      |       ^~~~~~
/usr/include/c++/11/bits/stl_vector.h:510:7: note:   conversion of argument 1 would be ill-formed:
/usr/include/c++/11/bits/stl_vector.h:497:7: note: candidate: ‘std::vector<_Tp, _Alloc>::vector(const allocator_type&) [with _Tp = int; _Alloc = std::allocator<int>; std::vector<_Tp, _Alloc>::allocator_type = std::allocator<int>]’
  497 |       vector(const allocator_type& __a) _GLIBCXX_NOEXCEPT
      |       ^~~~~~
/usr/include/c++/11/bits/stl_vector.h:497:7: note:   conversion of argument 1 would be ill-formed:
/usr/include/c++/11/bits/stl_vector.h:487:7: note: candidate: ‘std::vector<_Tp, _Alloc>::vector() [with _Tp = int; _Alloc = std::allocator<int>]’
  487 |       vector() = default;
      |       ^~~~~~
/usr/include/c++/11/bits/stl_vector.h:487:7: note:   candidate expects 0 arguments, 1 provided
[4/350] Building CXX object runtime/cudaq/CMakeFiles/cudaq.dir/qis/execution_manager_c_api.cpp.o
FAILED: runtime/cudaq/CMakeFiles/cudaq.dir/qis/execution_manager_c_api.cpp.o 
/usr/local/llvm/bootstrap/cxx -DCUDAQ_DEBUG -DCUDAQ_HAS_CUDA -DFMT_HEADER_ONLY=1 -Dcudaq_EXPORTS -I/workspaces/cuda-quantum/build/include -I/workspaces/cuda-quantum/include -I/workspaces/cuda-quantum/runtime -I/workspaces/cuda-quantum/tpls/eigen -I/workspaces/cuda-quantum/runtime/cudaq/. -I/workspaces/cuda-quantum/tpls/fmt/include -isystem /usr/local/llvm/include -isystem /workspaces/cuda-quantum/tpls/json/include -isystem /usr/local/cuda-12.0/include -Wno-ctad-maybe-unsupported -g -std=gnu++20 -fPIC   -D_GNU_SOURCE -D_DEBUG -D__STDC_CONSTANT_MACROS -D__STDC_FORMAT_MACROS -D__STDC_LIMIT_MACROS -Werror -MD -MT runtime/cudaq/CMakeFiles/cudaq.dir/qis/execution_manager_c_api.cpp.o -MF runtime/cudaq/CMakeFiles/cudaq.dir/qis/execution_manager_c_api.cpp.o.d -o runtime/cudaq/CMakeFiles/cudaq.dir/qis/execution_manager_c_api.cpp.o -c /workspaces/cuda-quantum/runtime/cudaq/qis/execution_manager_c_api.cpp
In file included from /workspaces/cuda-quantum/runtime/common/Future.h:11,
                 from /workspaces/cuda-quantum/runtime/common/ExecutionContext.h:11,
                 from /workspaces/cuda-quantum/runtime/cudaq/platform/quantum_platform.h:11,
                 from /workspaces/cuda-quantum/runtime/cudaq/platform.h:12,
                 from /workspaces/cuda-quantum/runtime/cudaq/qis/execution_manager_c_api.cpp:9:
/workspaces/cuda-quantum/runtime/common/ObserveResult.h: In member function ‘double cudaq::observe_result::id_coefficient()’:
/workspaces/cuda-quantum/runtime/common/ObserveResult.h:93:25: error: ‘cudaq::spin_op’ {aka ‘class cudaq::operator_sum<cudaq::spin_op>’} has no member named ‘get_terms’; did you mean ‘num_terms’?
   93 |     auto terms = spinOp.get_terms();
      |                         ^~~~~~~~~
      |                         num_terms
In file included from /workspaces/cuda-quantum/runtime/common/ExecutionContext.h:11,
                 from /workspaces/cuda-quantum/runtime/cudaq/platform/quantum_platform.h:11,
                 from /workspaces/cuda-quantum/runtime/cudaq/platform.h:12,
                 from /workspaces/cuda-quantum/runtime/cudaq/qis/execution_manager_c_api.cpp:9:
/workspaces/cuda-quantum/runtime/common/Future.h: In member function ‘T cudaq::async_result<T>::get()’:
/workspaces/cuda-quantum/runtime/common/Future.h:138:28: error: ‘class cudaq::operator_sum<cudaq::spin_op>’ has no member named ‘get_terms’; did you mean ‘num_terms’?
  138 |       auto terms = spinOp->get_terms();
      |                            ^~~~~~~~~
      |                            num_terms
[5/350] Building CXX object runtime/cudaq/CMakeFiles/cudaq.dir/utils/cudaq_utils.cpp.o
FAILED: runtime/cudaq/CMakeFiles/cudaq.dir/utils/cudaq_utils.cpp.o 
/usr/local/llvm/bootstrap/cxx -DCUDAQ_DEBUG -DCUDAQ_HAS_CUDA -DFMT_HEADER_ONLY=1 -Dcudaq_EXPORTS -I/workspaces/cuda-quantum/build/include -I/workspaces/cuda-quantum/include -I/workspaces/cuda-quantum/runtime -I/workspaces/cuda-quantum/tpls/eigen -I/workspaces/cuda-quantum/runtime/cudaq/. -I/workspaces/cuda-quantum/tpls/fmt/include -isystem /usr/local/llvm/include -isystem /workspaces/cuda-quantum/tpls/json/include -isystem /usr/local/cuda-12.0/include -Wno-ctad-maybe-unsupported -g -std=gnu++20 -fPIC   -D_GNU_SOURCE -D_DEBUG -D__STDC_CONSTANT_MACROS -D__STDC_FORMAT_MACROS -D__STDC_LIMIT_MACROS -Werror -MD -MT runtime/cudaq/CMakeFiles/cudaq.dir/utils/cudaq_utils.cpp.o -MF runtime/cudaq/CMakeFiles/cudaq.dir/utils/cudaq_utils.cpp.o.d -o runtime/cudaq/CMakeFiles/cudaq.dir/utils/cudaq_utils.cpp.o -c /workspaces/cuda-quantum/runtime/cudaq/utils/cudaq_utils.cpp
In file included from /workspaces/cuda-quantum/runtime/common/Future.h:11,
                 from /workspaces/cuda-quantum/runtime/common/ExecutionContext.h:11,
                 from /workspaces/cuda-quantum/runtime/cudaq/platform/quantum_platform.h:11,
                 from /workspaces/cuda-quantum/runtime/cudaq/platform.h:12,
                 from /workspaces/cuda-quantum/runtime/cudaq/utils/cudaq_utils.cpp:10:
/workspaces/cuda-quantum/runtime/common/ObserveResult.h: In member function ‘double cudaq::observe_result::id_coefficient()’:
/workspaces/cuda-quantum/runtime/common/ObserveResult.h:93:25: error: ‘cudaq::spin_op’ {aka ‘class cudaq::operator_sum<cudaq::spin_op>’} has no member named ‘get_terms’; did you mean ‘num_terms’?
   93 |     auto terms = spinOp.get_terms();
      |                         ^~~~~~~~~
      |                         num_terms
In file included from /workspaces/cuda-quantum/runtime/common/ExecutionContext.h:11,
                 from /workspaces/cuda-quantum/runtime/cudaq/platform/quantum_platform.h:11,
                 from /workspaces/cuda-quantum/runtime/cudaq/platform.h:12,
                 from /workspaces/cuda-quantum/runtime/cudaq/utils/cudaq_utils.cpp:10:
/workspaces/cuda-quantum/runtime/common/Future.h: In member function ‘T cudaq::async_result<T>::get()’:
/workspaces/cuda-quantum/runtime/common/Future.h:138:28: error: ‘class cudaq::operator_sum<cudaq::spin_op>’ has no member named ‘get_terms’; did you mean ‘num_terms’?
  138 |       auto terms = spinOp->get_terms();
      |                            ^~~~~~~~~
      |                            num_terms
[6/350] Building CXX object runtime/nvqir/CMakeFiles/nvqir.dir/QIRTypes.cpp.o
FAILED: runtime/nvqir/CMakeFiles/nvqir.dir/QIRTypes.cpp.o 
/usr/local/llvm/bootstrap/cxx -DCUDAQ_DEBUG -DFMT_HEADER_ONLY=1 -Dnvqir_EXPORTS -I/workspaces/cuda-quantum/build/include -I/workspaces/cuda-quantum/include -I/workspaces/cuda-quantum/runtime -I/workspaces/cuda-quantum/runtime/nvqir/. -I/workspaces/cuda-quantum/tpls/eigen -I/workspaces/cuda-quantum/tpls/fmt/include -isystem /usr/local/llvm/include -isystem /workspaces/cuda-quantum/tpls/json/include -Wno-ctad-maybe-unsupported -g -std=gnu++20 -fPIC   -D_GNU_SOURCE -D_DEBUG -D__STDC_CONSTANT_MACROS -D__STDC_FORMAT_MACROS -D__STDC_LIMIT_MACROS -Werror -MD -MT runtime/nvqir/CMakeFiles/nvqir.dir/QIRTypes.cpp.o -MF runtime/nvqir/CMakeFiles/nvqir.dir/QIRTypes.cpp.o.d -o runtime/nvqir/CMakeFiles/nvqir.dir/QIRTypes.cpp.o -c /workspaces/cuda-quantum/runtime/nvqir/QIRTypes.cpp
In file included from /workspaces/cuda-quantum/runtime/common/Future.h:11,
                 from /workspaces/cuda-quantum/runtime/common/ExecutionContext.h:11,
                 from /workspaces/cuda-quantum/runtime/nvqir/QIRTypes.h:11,
                 from /workspaces/cuda-quantum/runtime/nvqir/QIRTypes.cpp:9:
/workspaces/cuda-quantum/runtime/common/ObserveResult.h: In member function ‘double cudaq::observe_result::id_coefficient()’:
/workspaces/cuda-quantum/runtime/common/ObserveResult.h:93:25: error: ‘cudaq::spin_op’ {aka ‘class cudaq::operator_sum<cudaq::spin_op>’} has no member named ‘get_terms’; did you mean ‘num_terms’?
   93 |     auto terms = spinOp.get_terms();
      |                         ^~~~~~~~~
      |                         num_terms
In file included from /workspaces/cuda-quantum/runtime/common/ExecutionContext.h:11,
                 from /workspaces/cuda-quantum/runtime/nvqir/QIRTypes.h:11,
                 from /workspaces/cuda-quantum/runtime/nvqir/QIRTypes.cpp:9:
/workspaces/cuda-quantum/runtime/common/Future.h: In member function ‘T cudaq::async_result<T>::get()’:
/workspaces/cuda-quantum/runtime/common/Future.h:138:28: error: ‘class cudaq::operator_sum<cudaq::spin_op>’ has no member named ‘get_terms’; did you mean ‘num_terms’?
  138 |       auto terms = spinOp->get_terms();
      |                            ^~~~~~~~~
      |                            num_terms
[7/350] Building CXX object runtime/common/CMakeFiles/cudaq-common.dir/Resources.cpp.o
[8/350] Building CXX object runtime/cudaq/CMakeFiles/cudaq.dir/algorithms/draw.cpp.o
FAILED: runtime/cudaq/CMakeFiles/cudaq.dir/algorithms/draw.cpp.o 
/usr/local/llvm/bootstrap/cxx -DCUDAQ_DEBUG -DCUDAQ_HAS_CUDA -DFMT_HEADER_ONLY=1 -Dcudaq_EXPORTS -I/workspaces/cuda-quantum/build/include -I/workspaces/cuda-quantum/include -I/workspaces/cuda-quantum/runtime -I/workspaces/cuda-quantum/tpls/eigen -I/workspaces/cuda-quantum/runtime/cudaq/. -I/workspaces/cuda-quantum/tpls/fmt/include -isystem /usr/local/llvm/include -isystem /workspaces/cuda-quantum/tpls/json/include -isystem /usr/local/cuda-12.0/include -Wno-ctad-maybe-unsupported -g -std=gnu++20 -fPIC   -D_GNU_SOURCE -D_DEBUG -D__STDC_CONSTANT_MACROS -D__STDC_FORMAT_MACROS -D__STDC_LIMIT_MACROS -Werror -MD -MT runtime/cudaq/CMakeFiles/cudaq.dir/algorithms/draw.cpp.o -MF runtime/cudaq/CMakeFiles/cudaq.dir/algorithms/draw.cpp.o.d -o runtime/cudaq/CMakeFiles/cudaq.dir/algorithms/draw.cpp.o -c /workspaces/cuda-quantum/runtime/cudaq/algorithms/draw.cpp
In file included from /workspaces/cuda-quantum/runtime/common/Future.h:11,
                 from /workspaces/cuda-quantum/runtime/common/ExecutionContext.h:11,
                 from /workspaces/cuda-quantum/runtime/cudaq/algorithms/draw.h:13,
                 from /workspaces/cuda-quantum/runtime/cudaq/algorithms/draw.cpp:12:
/workspaces/cuda-quantum/runtime/common/ObserveResult.h: In member function ‘double cudaq::observe_result::id_coefficient()’:
/workspaces/cuda-quantum/runtime/common/ObserveResult.h:93:25: error: ‘cudaq::spin_op’ {aka ‘class cudaq::operator_sum<cudaq::spin_op>’} has no member named ‘get_terms’; did you mean ‘num_terms’?
   93 |     auto terms = spinOp.get_terms();
      |                         ^~~~~~~~~
      |                         num_terms
In file included from /workspaces/cuda-quantum/runtime/common/ExecutionContext.h:11,
                 from /workspaces/cuda-quantum/runtime/cudaq/algorithms/draw.h:13,
                 from /workspaces/cuda-quantum/runtime/cudaq/algorithms/draw.cpp:12:
/workspaces/cuda-quantum/runtime/common/Future.h: In member function ‘T cudaq::async_result<T>::get()’:
/workspaces/cuda-quantum/runtime/common/Future.h:138:28: error: ‘class cudaq::operator_sum<cudaq::spin_op>’ has no member named ‘get_terms’; did you mean ‘num_terms’?
  138 |       auto terms = spinOp->get_terms();
      |                            ^~~~~~~~~
      |                            num_terms
[9/350] Building CXX object runtime/cudaq/qis/managers/default/CMakeFiles/cudaq-em-default.dir/DefaultExecutionManager.cpp.o
FAILED: runtime/cudaq/qis/managers/default/CMakeFiles/cudaq-em-default.dir/DefaultExecutionManager.cpp.o 
/usr/local/llvm/bootstrap/cxx -DCUDAQ_DEBUG -DFMT_HEADER_ONLY=1 -D_DEBUG -D__STDC_CONSTANT_MACROS -D__STDC_FORMAT_MACROS -D__STDC_LIMIT_MACROS -Dcudaq_em_default_EXPORTS -I/workspaces/cuda-quantum/build/include -I/workspaces/cuda-quantum/include -I/workspaces/cuda-quantum/runtime -I/workspaces/cuda-quantum/runtime/cudaq/qis/managers/default/. -I/workspaces/cuda-quantum/tpls/eigen -I/workspaces/cuda-quantum/tpls/fmt/include -isystem /usr/local/llvm/include -isystem /workspaces/cuda-quantum/tpls/json/include -isystem /usr/local/zlib/include -Wno-ctad-maybe-unsupported -fPIC -fno-semantic-interposition -fvisibility-inlines-hidden -Werror=date-time -Wall -Wextra -Wno-unused-parameter -Wwrite-strings -Wcast-qual -Wno-missing-field-initializers -Wimplicit-fallthrough -Wno-class-memaccess -Wno-redundant-move -Wno-pessimizing-move -Wno-noexcept-type -Wdelete-non-virtual-dtor -Wsuggest-override -Wno-comment -Wno-misleading-indentation -Wctad-maybe-unsupported -fdiagnostics-color -g -std=gnu++20 -fPIC   -D_GNU_SOURCE -D_DEBUG -D__STDC_CONSTANT_MACROS -D__STDC_FORMAT_MACROS -D__STDC_LIMIT_MACROS -Werror -MD -MT runtime/cudaq/qis/managers/default/CMakeFiles/cudaq-em-default.dir/DefaultExecutionManager.cpp.o -MF runtime/cudaq/qis/managers/default/CMakeFiles/cudaq-em-default.dir/DefaultExecutionManager.cpp.o.d -o runtime/cudaq/qis/managers/default/CMakeFiles/cudaq-em-default.dir/DefaultExecutionManager.cpp.o -c /workspaces/cuda-quantum/runtime/cudaq/qis/managers/default/DefaultExecutionManager.cpp
In file included from /workspaces/cuda-quantum/runtime/common/Future.h:11,
                 from /workspaces/cuda-quantum/runtime/common/ExecutionContext.h:11,
                 from /workspaces/cuda-quantum/runtime/cudaq/qis/managers/BasicExecutionManager.h:9,
                 from /workspaces/cuda-quantum/runtime/cudaq/qis/managers/default/DefaultExecutionManager.cpp:10:
/workspaces/cuda-quantum/runtime/common/ObserveResult.h: In member function ‘double cudaq::observe_result::id_coefficient()’:
/workspaces/cuda-quantum/runtime/common/ObserveResult.h:93:25: error: ‘cudaq::spin_op’ {aka ‘class cudaq::operator_sum<cudaq::spin_op>’} has no member named ‘get_terms’; did you mean ‘num_terms’?
   93 |     auto terms = spinOp.get_terms();
      |                         ^~~~~~~~~
      |                         num_terms
In file included from /workspaces/cuda-quantum/runtime/common/ExecutionContext.h:11,
                 from /workspaces/cuda-quantum/runtime/cudaq/qis/managers/BasicExecutionManager.h:9,
                 from /workspaces/cuda-quantum/runtime/cudaq/qis/managers/default/DefaultExecutionManager.cpp:10:
/workspaces/cuda-quantum/runtime/common/Future.h: In member function ‘T cudaq::async_result<T>::get()’:
/workspaces/cuda-quantum/runtime/common/Future.h:138:28: error: ‘class cudaq::operator_sum<cudaq::spin_op>’ has no member named ‘get_terms’; did you mean ‘num_terms’?
  138 |       auto terms = spinOp->get_terms();
      |                            ^~~~~~~~~
      |                            num_terms
In file included from /workspaces/cuda-quantum/runtime/cudaq/qis/managers/default/DefaultExecutionManager.cpp:14:
/workspaces/cuda-quantum/runtime/nvqir/CircuitSimulator.h: In member function ‘void nvqir::CircuitSimulatorBase<ScalarType>::measureSpinOp(const spin_op&)’:
/workspaces/cuda-quantum/runtime/nvqir/CircuitSimulator.h:1431:21: error: ‘const spin_op’ {aka ‘const class cudaq::operator_sum<cudaq::spin_op>’} has no member named ‘get_terms’; did you mean ‘num_terms’?
 1431 |     auto terms = op.get_terms();
      |                     ^~~~~~~~~
      |                     num_terms
[10/350] Building CXX object runtime/cudaq/CMakeFiles/cudaq.dir/platform/quantum_platform.cpp.o
FAILED: runtime/cudaq/CMakeFiles/cudaq.dir/platform/quantum_platform.cpp.o 
/usr/local/llvm/bootstrap/cxx -DCUDAQ_DEBUG -DCUDAQ_HAS_CUDA -DFMT_HEADER_ONLY=1 -Dcudaq_EXPORTS -I/workspaces/cuda-quantum/build/include -I/workspaces/cuda-quantum/include -I/workspaces/cuda-quantum/runtime -I/workspaces/cuda-quantum/tpls/eigen -I/workspaces/cuda-quantum/runtime/cudaq/. -I/workspaces/cuda-quantum/tpls/fmt/include -isystem /usr/local/llvm/include -isystem /workspaces/cuda-quantum/tpls/json/include -isystem /usr/local/cuda-12.0/include -Wno-ctad-maybe-unsupported -g -std=gnu++20 -fPIC   -D_GNU_SOURCE -D_DEBUG -D__STDC_CONSTANT_MACROS -D__STDC_FORMAT_MACROS -D__STDC_LIMIT_MACROS -Werror -MD -MT runtime/cudaq/CMakeFiles/cudaq.dir/platform/quantum_platform.cpp.o -MF runtime/cudaq/CMakeFiles/cudaq.dir/platform/quantum_platform.cpp.o.d -o runtime/cudaq/CMakeFiles/cudaq.dir/platform/quantum_platform.cpp.o -c /workspaces/cuda-quantum/runtime/cudaq/platform/quantum_platform.cpp
In file included from /workspaces/cuda-quantum/runtime/common/Future.h:11,
                 from /workspaces/cuda-quantum/runtime/common/ExecutionContext.h:11,
                 from /workspaces/cuda-quantum/runtime/cudaq/platform/quantum_platform.h:11,
                 from /workspaces/cuda-quantum/runtime/cudaq/platform/quantum_platform.cpp:9:
/workspaces/cuda-quantum/runtime/common/ObserveResult.h: In member function ‘double cudaq::observe_result::id_coefficient()’:
/workspaces/cuda-quantum/runtime/common/ObserveResult.h:93:25: error: ‘cudaq::spin_op’ {aka ‘class cudaq::operator_sum<cudaq::spin_op>’} has no member named ‘get_terms’; did you mean ‘num_terms’?
   93 |     auto terms = spinOp.get_terms();
      |                         ^~~~~~~~~
      |                         num_terms
In file included from /workspaces/cuda-quantum/runtime/common/ExecutionContext.h:11,
                 from /workspaces/cuda-quantum/runtime/cudaq/platform/quantum_platform.h:11,
                 from /workspaces/cuda-quantum/runtime/cudaq/platform/quantum_platform.cpp:9:
/workspaces/cuda-quantum/runtime/common/Future.h: In member function ‘T cudaq::async_result<T>::get()’:
/workspaces/cuda-quantum/runtime/common/Future.h:138:28: error: ‘class cudaq::operator_sum<cudaq::spin_op>’ has no member named ‘get_terms’; did you mean ‘num_terms’?
  138 |       auto terms = spinOp->get_terms();
      |                            ^~~~~~~~~
      |                            num_terms
In file included from /workspaces/cuda-quantum/runtime/cudaq/platform/quantum_platform.cpp:13:
/workspaces/cuda-quantum/runtime/cudaq/platform/qpu.h: In member function ‘void cudaq::QPU::handleObservation(cudaq::ExecutionContext*)’:
/workspaces/cuda-quantum/runtime/cudaq/platform/qpu.h:89:24: error: ‘cudaq::spin_op’ {aka ‘class cudaq::operator_sum<cudaq::spin_op>’} has no member named ‘get_terms’; did you mean ‘num_terms’?
   89 |         auto terms = H.get_terms();
      |                        ^~~~~~~~~
      |                        num_terms
[11/350] Building CXX object runtime/nvqir/CMakeFiles/nvqir.dir/NVQIR.cpp.o
FAILED: runtime/nvqir/CMakeFiles/nvqir.dir/NVQIR.cpp.o 
/usr/local/llvm/bootstrap/cxx -DCUDAQ_DEBUG -DFMT_HEADER_ONLY=1 -Dnvqir_EXPORTS -I/workspaces/cuda-quantum/build/include -I/workspaces/cuda-quantum/include -I/workspaces/cuda-quantum/runtime -I/workspaces/cuda-quantum/runtime/nvqir/. -I/workspaces/cuda-quantum/tpls/eigen -I/workspaces/cuda-quantum/tpls/fmt/include -isystem /usr/local/llvm/include -isystem /workspaces/cuda-quantum/tpls/json/include -Wno-ctad-maybe-unsupported -g -std=gnu++20 -fPIC   -D_GNU_SOURCE -D_DEBUG -D__STDC_CONSTANT_MACROS -D__STDC_FORMAT_MACROS -D__STDC_LIMIT_MACROS -Werror -MD -MT runtime/nvqir/CMakeFiles/nvqir.dir/NVQIR.cpp.o -MF runtime/nvqir/CMakeFiles/nvqir.dir/NVQIR.cpp.o.d -o runtime/nvqir/CMakeFiles/nvqir.dir/NVQIR.cpp.o -c /workspaces/cuda-quantum/runtime/nvqir/NVQIR.cpp
In file included from /workspaces/cuda-quantum/runtime/common/Future.h:11,
                 from /workspaces/cuda-quantum/runtime/common/ExecutionContext.h:11,
                 from /workspaces/cuda-quantum/runtime/nvqir/QIRTypes.h:11,
                 from /workspaces/cuda-quantum/runtime/nvqir/CircuitSimulator.h:12,
                 from /workspaces/cuda-quantum/runtime/nvqir/NVQIR.cpp:9:
/workspaces/cuda-quantum/runtime/common/ObserveResult.h: In member function ‘double cudaq::observe_result::id_coefficient()’:
/workspaces/cuda-quantum/runtime/common/ObserveResult.h:93:25: error: ‘cudaq::spin_op’ {aka ‘class cudaq::operator_sum<cudaq::spin_op>’} has no member named ‘get_terms’; did you mean ‘num_terms’?
   93 |     auto terms = spinOp.get_terms();
      |                         ^~~~~~~~~
      |                         num_terms
In file included from /workspaces/cuda-quantum/runtime/common/ExecutionContext.h:11,
                 from /workspaces/cuda-quantum/runtime/nvqir/QIRTypes.h:11,
                 from /workspaces/cuda-quantum/runtime/nvqir/CircuitSimulator.h:12,
                 from /workspaces/cuda-quantum/runtime/nvqir/NVQIR.cpp:9:
/workspaces/cuda-quantum/runtime/common/Future.h: In member function ‘T cudaq::async_result<T>::get()’:
/workspaces/cuda-quantum/runtime/common/Future.h:138:28: error: ‘class cudaq::operator_sum<cudaq::spin_op>’ has no member named ‘get_terms’; did you mean ‘num_terms’?
  138 |       auto terms = spinOp->get_terms();
      |                            ^~~~~~~~~
      |                            num_terms
In file included from /workspaces/cuda-quantum/runtime/nvqir/NVQIR.cpp:9:
/workspaces/cuda-quantum/runtime/nvqir/CircuitSimulator.h: In member function ‘void nvqir::CircuitSimulatorBase<ScalarType>::measureSpinOp(const spin_op&)’:
/workspaces/cuda-quantum/runtime/nvqir/CircuitSimulator.h:1431:21: error: ‘const spin_op’ {aka ‘const class cudaq::operator_sum<cudaq::spin_op>’} has no member named ‘get_terms’; did you mean ‘num_terms’?
 1431 |     auto terms = op.get_terms();
      |                     ^~~~~~~~~
      |                     num_terms
[12/350] Building CXX object runtime/cudaq/CMakeFiles/cudaq.dir/qis/remote_state.cpp.o
FAILED: runtime/cudaq/CMakeFiles/cudaq.dir/qis/remote_state.cpp.o 
/usr/local/llvm/bootstrap/cxx -DCUDAQ_DEBUG -DCUDAQ_HAS_CUDA -DFMT_HEADER_ONLY=1 -Dcudaq_EXPORTS -I/workspaces/cuda-quantum/build/include -I/workspaces/cuda-quantum/include -I/workspaces/cuda-quantum/runtime -I/workspaces/cuda-quantum/tpls/eigen -I/workspaces/cuda-quantum/runtime/cudaq/. -I/workspaces/cuda-quantum/tpls/fmt/include -isystem /usr/local/llvm/include -isystem /workspaces/cuda-quantum/tpls/json/include -isystem /usr/local/cuda-12.0/include -Wno-ctad-maybe-unsupported -g -std=gnu++20 -fPIC   -D_GNU_SOURCE -D_DEBUG -D__STDC_CONSTANT_MACROS -D__STDC_FORMAT_MACROS -D__STDC_LIMIT_MACROS -Werror -MD -MT runtime/cudaq/CMakeFiles/cudaq.dir/qis/remote_state.cpp.o -MF runtime/cudaq/CMakeFiles/cudaq.dir/qis/remote_state.cpp.o.d -o runtime/cudaq/CMakeFiles/cudaq.dir/qis/remote_state.cpp.o -c /workspaces/cuda-quantum/runtime/cudaq/qis/remote_state.cpp
In file included from /workspaces/cuda-quantum/runtime/common/Future.h:11,
                 from /workspaces/cuda-quantum/runtime/common/ExecutionContext.h:11,
                 from /workspaces/cuda-quantum/runtime/cudaq/platform/quantum_platform.h:11,
                 from /workspaces/cuda-quantum/runtime/cudaq/platform.h:12,
                 from /workspaces/cuda-quantum/runtime/cudaq/qis/qubit_qis.h:13,
                 from /workspaces/cuda-quantum/runtime/cudaq.h:13,
                 from /workspaces/cuda-quantum/runtime/cudaq/qis/remote_state.h:12,
                 from /workspaces/cuda-quantum/runtime/cudaq/qis/remote_state.cpp:9:
/workspaces/cuda-quantum/runtime/common/ObserveResult.h: In member function ‘double cudaq::observe_result::id_coefficient()’:
/workspaces/cuda-quantum/runtime/common/ObserveResult.h:93:25: error: ‘cudaq::spin_op’ {aka ‘class cudaq::operator_sum<cudaq::spin_op>’} has no member named ‘get_terms’; did you mean ‘num_terms’?
   93 |     auto terms = spinOp.get_terms();
      |                         ^~~~~~~~~
      |                         num_terms
In file included from /workspaces/cuda-quantum/runtime/common/ExecutionContext.h:11,
                 from /workspaces/cuda-quantum/runtime/cudaq/platform/quantum_platform.h:11,
                 from /workspaces/cuda-quantum/runtime/cudaq/platform.h:12,
                 from /workspaces/cuda-quantum/runtime/cudaq/qis/qubit_qis.h:13,
                 from /workspaces/cuda-quantum/runtime/cudaq.h:13,
                 from /workspaces/cuda-quantum/runtime/cudaq/qis/remote_state.h:12,
                 from /workspaces/cuda-quantum/runtime/cudaq/qis/remote_state.cpp:9:
/workspaces/cuda-quantum/runtime/common/Future.h: In member function ‘T cudaq::async_result<T>::get()’:
/workspaces/cuda-quantum/runtime/common/Future.h:138:28: error: ‘class cudaq::operator_sum<cudaq::spin_op>’ has no member named ‘get_terms’; did you mean ‘num_terms’?
  138 |       auto terms = spinOp->get_terms();
      |                            ^~~~~~~~~
      |                            num_terms
In file included from /workspaces/cuda-quantum/runtime/cudaq.h:326,
                 from /workspaces/cuda-quantum/runtime/cudaq/qis/remote_state.h:12,
                 from /workspaces/cuda-quantum/runtime/cudaq/qis/remote_state.cpp:9:
/workspaces/cuda-quantum/runtime/cudaq/algorithms/observe.h: In function ‘std::optional<cudaq::observe_result> cudaq::details::runObservation(KernelFunctor&&, cudaq::spin_op&, cudaq::quantum_platform&, int, const string&, std::size_t, cudaq::details::future*, std::size_t, std::size_t, std::optional<long unsigned int>)’:
/workspaces/cuda-quantum/runtime/cudaq/algorithms/observe.h:125:20: error: ‘cudaq::spin_op’ {aka ‘class cudaq::operator_sum<cudaq::spin_op>’} has no member named ‘get_terms’; did you mean ‘num_terms’?
  125 |     auto terms = h.get_terms();
      |                    ^~~~~~~~~
      |                    num_terms
[13/350] Building CXX object runtime/common/CMakeFiles/cudaq-common.dir/ServerHelper.cpp.o
FAILED: runtime/common/CMakeFiles/cudaq-common.dir/ServerHelper.cpp.o 
/usr/local/llvm/bootstrap/cxx -DCUDAQ_DEBUG -DCUDAQ_RESTCLIENT_AVAILABLE -DSPDLOG_COMPILED_LIB -DSPDLOG_FMT_EXTERNAL -D_DEBUG -D__STDC_CONSTANT_MACROS -D__STDC_FORMAT_MACROS -D__STDC_LIMIT_MACROS -Dcudaq_common_EXPORTS -I/workspaces/cuda-quantum/build/include -I/workspaces/cuda-quantum/include -I/workspaces/cuda-quantum/runtime/common/. -I/workspaces/cuda-quantum/tpls/eigen -I/workspaces/cuda-quantum/runtime -I/workspaces/cuda-quantum/tpls/fmt/include -I/workspaces/cuda-quantum/tpls/cpr/include -I/workspaces/cuda-quantum/build/tpls/cpr/cpr_generated_includes -isystem /usr/local/llvm/include -isystem /workspaces/cuda-quantum/tpls/json/include -isystem /workspaces/cuda-quantum/tpls/spdlog/include -isystem /usr/local/curl/include -isystem /usr/local/zlib/include -fPIC -fno-semantic-interposition -fvisibility-inlines-hidden -Werror=date-time -Wall -Wextra -Wno-unused-parameter -Wwrite-strings -Wcast-qual -Wno-missing-field-initializers -Wimplicit-fallthrough -Wno-class-memaccess -Wno-redundant-move -Wno-pessimizing-move -Wno-noexcept-type -Wdelete-non-virtual-dtor -Wsuggest-override -Wno-comment -Wno-misleading-indentation -Wctad-maybe-unsupported -fdiagnostics-color -g -std=gnu++20 -fPIC   -D_GNU_SOURCE -D_DEBUG -D__STDC_CONSTANT_MACROS -D__STDC_FORMAT_MACROS -D__STDC_LIMIT_MACROS -Werror -MD -MT runtime/common/CMakeFiles/cudaq-common.dir/ServerHelper.cpp.o -MF runtime/common/CMakeFiles/cudaq-common.dir/ServerHelper.cpp.o.d -o runtime/common/CMakeFiles/cudaq-common.dir/ServerHelper.cpp.o -c /workspaces/cuda-quantum/runtime/common/ServerHelper.cpp
In file included from /workspaces/cuda-quantum/runtime/common/Future.h:11,
                 from /workspaces/cuda-quantum/runtime/common/ExecutionContext.h:11,
                 from /workspaces/cuda-quantum/runtime/common/ServerHelper.h:13,
                 from /workspaces/cuda-quantum/runtime/common/ServerHelper.cpp:9:
/workspaces/cuda-quantum/runtime/common/ObserveResult.h: In member function ‘double cudaq::observe_result::id_coefficient()’:
/workspaces/cuda-quantum/runtime/common/ObserveResult.h:93:25: error: ‘cudaq::spin_op’ {aka ‘class cudaq::operator_sum<cudaq::spin_op>’} has no member named ‘get_terms’; did you mean ‘num_terms’?
   93 |     auto terms = spinOp.get_terms();
      |                         ^~~~~~~~~
      |                         num_terms
In file included from /workspaces/cuda-quantum/runtime/common/ExecutionContext.h:11,
                 from /workspaces/cuda-quantum/runtime/common/ServerHelper.h:13,
                 from /workspaces/cuda-quantum/runtime/common/ServerHelper.cpp:9:
/workspaces/cuda-quantum/runtime/common/Future.h: In member function ‘T cudaq::async_result<T>::get()’:
/workspaces/cuda-quantum/runtime/common/Future.h:138:28: error: ‘class cudaq::operator_sum<cudaq::spin_op>’ has no member named ‘get_terms’; did you mean ‘num_terms’?
  138 |       auto terms = spinOp->get_terms();
      |                            ^~~~~~~~~
      |                            num_terms
[14/350] Building CXX object runtime/cudaq/CMakeFiles/cudaq.dir/qis/state.cpp.o
FAILED: runtime/cudaq/CMakeFiles/cudaq.dir/qis/state.cpp.o 
/usr/local/llvm/bootstrap/cxx -DCUDAQ_DEBUG -DCUDAQ_HAS_CUDA -DFMT_HEADER_ONLY=1 -Dcudaq_EXPORTS -I/workspaces/cuda-quantum/build/include -I/workspaces/cuda-quantum/include -I/workspaces/cuda-quantum/runtime -I/workspaces/cuda-quantum/tpls/eigen -I/workspaces/cuda-quantum/runtime/cudaq/. -I/workspaces/cuda-quantum/tpls/fmt/include -isystem /usr/local/llvm/include -isystem /workspaces/cuda-quantum/tpls/json/include -isystem /usr/local/cuda-12.0/include -Wno-ctad-maybe-unsupported -g -std=gnu++20 -fPIC   -D_GNU_SOURCE -D_DEBUG -D__STDC_CONSTANT_MACROS -D__STDC_FORMAT_MACROS -D__STDC_LIMIT_MACROS -Werror -MD -MT runtime/cudaq/CMakeFiles/cudaq.dir/qis/state.cpp.o -MF runtime/cudaq/CMakeFiles/cudaq.dir/qis/state.cpp.o.d -o runtime/cudaq/CMakeFiles/cudaq.dir/qis/state.cpp.o -c /workspaces/cuda-quantum/runtime/cudaq/qis/state.cpp
In file included from /workspaces/cuda-quantum/runtime/common/Future.h:11,
                 from /workspaces/cuda-quantum/runtime/common/ExecutionContext.h:11,
                 from /workspaces/cuda-quantum/runtime/nvqir/QIRTypes.h:11,
                 from /workspaces/cuda-quantum/runtime/nvqir/CircuitSimulator.h:12,
                 from /workspaces/cuda-quantum/runtime/cudaq/simulators.h:12,
                 from /workspaces/cuda-quantum/runtime/cudaq/qis/state.cpp:13:
/workspaces/cuda-quantum/runtime/common/ObserveResult.h: In member function ‘double cudaq::observe_result::id_coefficient()’:
/workspaces/cuda-quantum/runtime/common/ObserveResult.h:93:25: error: ‘cudaq::spin_op’ {aka ‘class cudaq::operator_sum<cudaq::spin_op>’} has no member named ‘get_terms’; did you mean ‘num_terms’?
   93 |     auto terms = spinOp.get_terms();
      |                         ^~~~~~~~~
      |                         num_terms
In file included from /workspaces/cuda-quantum/runtime/common/ExecutionContext.h:11,
                 from /workspaces/cuda-quantum/runtime/nvqir/QIRTypes.h:11,
                 from /workspaces/cuda-quantum/runtime/nvqir/CircuitSimulator.h:12,
                 from /workspaces/cuda-quantum/runtime/cudaq/simulators.h:12,
                 from /workspaces/cuda-quantum/runtime/cudaq/qis/state.cpp:13:
/workspaces/cuda-quantum/runtime/common/Future.h: In member function ‘T cudaq::async_result<T>::get()’:
/workspaces/cuda-quantum/runtime/common/Future.h:138:28: error: ‘class cudaq::operator_sum<cudaq::spin_op>’ has no member named ‘get_terms’; did you mean ‘num_terms’?
  138 |       auto terms = spinOp->get_terms();
      |                            ^~~~~~~~~
      |                            num_terms
In file included from /workspaces/cuda-quantum/runtime/cudaq/simulators.h:12,
                 from /workspaces/cuda-quantum/runtime/cudaq/qis/state.cpp:13:
/workspaces/cuda-quantum/runtime/nvqir/CircuitSimulator.h: In member function ‘void nvqir::CircuitSimulatorBase<ScalarType>::measureSpinOp(const spin_op&)’:
/workspaces/cuda-quantum/runtime/nvqir/CircuitSimulator.h:1431:21: error: ‘const spin_op’ {aka ‘const class cudaq::operator_sum<cudaq::spin_op>’} has no member named ‘get_terms’; did you mean ‘num_terms’?
 1431 |     auto terms = op.get_terms();
      |                     ^~~~~~~~~
      |                     num_terms
[15/350] Building CXX object runtime/nvqir/CMakeFiles/nvqir.dir/__/cudaq/qis/state.cpp.o
FAILED: runtime/nvqir/CMakeFiles/nvqir.dir/__/cudaq/qis/state.cpp.o 
/usr/local/llvm/bootstrap/cxx -DCUDAQ_DEBUG -DFMT_HEADER_ONLY=1 -Dnvqir_EXPORTS -I/workspaces/cuda-quantum/build/include -I/workspaces/cuda-quantum/include -I/workspaces/cuda-quantum/runtime -I/workspaces/cuda-quantum/runtime/nvqir/. -I/workspaces/cuda-quantum/tpls/eigen -I/workspaces/cuda-quantum/tpls/fmt/include -isystem /usr/local/llvm/include -isystem /workspaces/cuda-quantum/tpls/json/include -Wno-ctad-maybe-unsupported -g -std=gnu++20 -fPIC   -D_GNU_SOURCE -D_DEBUG -D__STDC_CONSTANT_MACROS -D__STDC_FORMAT_MACROS -D__STDC_LIMIT_MACROS -Werror -MD -MT runtime/nvqir/CMakeFiles/nvqir.dir/__/cudaq/qis/state.cpp.o -MF runtime/nvqir/CMakeFiles/nvqir.dir/__/cudaq/qis/state.cpp.o.d -o runtime/nvqir/CMakeFiles/nvqir.dir/__/cudaq/qis/state.cpp.o -c /workspaces/cuda-quantum/runtime/cudaq/qis/state.cpp
In file included from /workspaces/cuda-quantum/runtime/common/Future.h:11,
                 from /workspaces/cuda-quantum/runtime/common/ExecutionContext.h:11,
                 from /workspaces/cuda-quantum/runtime/nvqir/QIRTypes.h:11,
                 from /workspaces/cuda-quantum/runtime/nvqir/CircuitSimulator.h:12,
                 from /workspaces/cuda-quantum/runtime/cudaq/simulators.h:12,
                 from /workspaces/cuda-quantum/runtime/cudaq/qis/state.cpp:13:
/workspaces/cuda-quantum/runtime/common/ObserveResult.h: In member function ‘double cudaq::observe_result::id_coefficient()’:
/workspaces/cuda-quantum/runtime/common/ObserveResult.h:93:25: error: ‘cudaq::spin_op’ {aka ‘class cudaq::operator_sum<cudaq::spin_op>’} has no member named ‘get_terms’; did you mean ‘num_terms’?
   93 |     auto terms = spinOp.get_terms();
      |                         ^~~~~~~~~
      |                         num_terms
In file included from /workspaces/cuda-quantum/runtime/common/ExecutionContext.h:11,
                 from /workspaces/cuda-quantum/runtime/nvqir/QIRTypes.h:11,
                 from /workspaces/cuda-quantum/runtime/nvqir/CircuitSimulator.h:12,
                 from /workspaces/cuda-quantum/runtime/cudaq/simulators.h:12,
                 from /workspaces/cuda-quantum/runtime/cudaq/qis/state.cpp:13:
/workspaces/cuda-quantum/runtime/common/Future.h: In member function ‘T cudaq::async_result<T>::get()’:
/workspaces/cuda-quantum/runtime/common/Future.h:138:28: error: ‘class cudaq::operator_sum<cudaq::spin_op>’ has no member named ‘get_terms’; did you mean ‘num_terms’?
  138 |       auto terms = spinOp->get_terms();
      |                            ^~~~~~~~~
      |                            num_terms
In file included from /workspaces/cuda-quantum/runtime/cudaq/simulators.h:12,
                 from /workspaces/cuda-quantum/runtime/cudaq/qis/state.cpp:13:
/workspaces/cuda-quantum/runtime/nvqir/CircuitSimulator.h: In member function ‘void nvqir::CircuitSimulatorBase<ScalarType>::measureSpinOp(const spin_op&)’:
/workspaces/cuda-quantum/runtime/nvqir/CircuitSimulator.h:1431:21: error: ‘const spin_op’ {aka ‘const class cudaq::operator_sum<cudaq::spin_op>’} has no member named ‘get_terms’; did you mean ‘num_terms’?
 1431 |     auto terms = op.get_terms();
      |                     ^~~~~~~~~
      |                     num_terms
[16/350] Building CXX object runtime/common/CMakeFiles/cudaq-common.dir/Executor.cpp.o
FAILED: runtime/common/CMakeFiles/cudaq-common.dir/Executor.cpp.o 
/usr/local/llvm/bootstrap/cxx -DCUDAQ_DEBUG -DCUDAQ_RESTCLIENT_AVAILABLE -DSPDLOG_COMPILED_LIB -DSPDLOG_FMT_EXTERNAL -D_DEBUG -D__STDC_CONSTANT_MACROS -D__STDC_FORMAT_MACROS -D__STDC_LIMIT_MACROS -Dcudaq_common_EXPORTS -I/workspaces/cuda-quantum/build/include -I/workspaces/cuda-quantum/include -I/workspaces/cuda-quantum/runtime/common/. -I/workspaces/cuda-quantum/tpls/eigen -I/workspaces/cuda-quantum/runtime -I/workspaces/cuda-quantum/tpls/fmt/include -I/workspaces/cuda-quantum/tpls/cpr/include -I/workspaces/cuda-quantum/build/tpls/cpr/cpr_generated_includes -isystem /usr/local/llvm/include -isystem /workspaces/cuda-quantum/tpls/json/include -isystem /workspaces/cuda-quantum/tpls/spdlog/include -isystem /usr/local/curl/include -isystem /usr/local/zlib/include -fPIC -fno-semantic-interposition -fvisibility-inlines-hidden -Werror=date-time -Wall -Wextra -Wno-unused-parameter -Wwrite-strings -Wcast-qual -Wno-missing-field-initializers -Wimplicit-fallthrough -Wno-class-memaccess -Wno-redundant-move -Wno-pessimizing-move -Wno-noexcept-type -Wdelete-non-virtual-dtor -Wsuggest-override -Wno-comment -Wno-misleading-indentation -Wctad-maybe-unsupported -fdiagnostics-color -g -std=gnu++20 -fPIC   -D_GNU_SOURCE -D_DEBUG -D__STDC_CONSTANT_MACROS -D__STDC_FORMAT_MACROS -D__STDC_LIMIT_MACROS -Werror -MD -MT runtime/common/CMakeFiles/cudaq-common.dir/Executor.cpp.o -MF runtime/common/CMakeFiles/cudaq-common.dir/Executor.cpp.o.d -o runtime/common/CMakeFiles/cudaq-common.dir/Executor.cpp.o -c /workspaces/cuda-quantum/runtime/common/Executor.cpp
In file included from /workspaces/cuda-quantum/runtime/common/Future.h:11,
                 from /workspaces/cuda-quantum/runtime/common/ExecutionContext.h:11,
                 from /workspaces/cuda-quantum/runtime/common/Executor.h:10,
                 from /workspaces/cuda-quantum/runtime/common/Executor.cpp:9:
/workspaces/cuda-quantum/runtime/common/ObserveResult.h: In member function ‘double cudaq::observe_result::id_coefficient()’:
/workspaces/cuda-quantum/runtime/common/ObserveResult.h:93:25: error: ‘cudaq::spin_op’ {aka ‘class cudaq::operator_sum<cudaq::spin_op>’} has no member named ‘get_terms’; did you mean ‘num_terms’?
   93 |     auto terms = spinOp.get_terms();
      |                         ^~~~~~~~~
      |                         num_terms
In file included from /workspaces/cuda-quantum/runtime/common/ExecutionContext.h:11,
                 from /workspaces/cuda-quantum/runtime/common/Executor.h:10,
                 from /workspaces/cuda-quantum/runtime/common/Executor.cpp:9:
/workspaces/cuda-quantum/runtime/common/Future.h: In member function ‘T cudaq::async_result<T>::get()’:
/workspaces/cuda-quantum/runtime/common/Future.h:138:28: error: ‘class cudaq::operator_sum<cudaq::spin_op>’ has no member named ‘get_terms’; did you mean ‘num_terms’?
  138 |       auto terms = spinOp->get_terms();
      |                            ^~~~~~~~~
      |                            num_terms
[17/350] Building CXX object runtime/cudaq/CMakeFiles/cudaq.dir/qis/execution_manager.cpp.o
[18/350] Building CXX object runtime/cudaq/CMakeFiles/cudaq.dir/cudaq.cpp.o
FAILED: runtime/cudaq/CMakeFiles/cudaq.dir/cudaq.cpp.o 
/usr/local/llvm/bootstrap/cxx -DCUDAQ_DEBUG -DCUDAQ_HAS_CUDA -DFMT_HEADER_ONLY=1 -Dcudaq_EXPORTS -I/workspaces/cuda-quantum/build/include -I/workspaces/cuda-quantum/include -I/workspaces/cuda-quantum/runtime -I/workspaces/cuda-quantum/tpls/eigen -I/workspaces/cuda-quantum/runtime/cudaq/. -I/workspaces/cuda-quantum/tpls/fmt/include -isystem /usr/local/llvm/include -isystem /workspaces/cuda-quantum/tpls/json/include -isystem /usr/local/cuda-12.0/include -Wno-ctad-maybe-unsupported -g -std=gnu++20 -fPIC   -D_GNU_SOURCE -D_DEBUG -D__STDC_CONSTANT_MACROS -D__STDC_FORMAT_MACROS -D__STDC_LIMIT_MACROS -Werror -MD -MT runtime/cudaq/CMakeFiles/cudaq.dir/cudaq.cpp.o -MF runtime/cudaq/CMakeFiles/cudaq.dir/cudaq.cpp.o.d -o runtime/cudaq/CMakeFiles/cudaq.dir/cudaq.cpp.o -c /workspaces/cuda-quantum/runtime/cudaq/cudaq.cpp
In file included from /workspaces/cuda-quantum/runtime/common/Future.h:11,
                 from /workspaces/cuda-quantum/runtime/common/ExecutionContext.h:11,
                 from /workspaces/cuda-quantum/runtime/cudaq/platform/quantum_platform.h:11,
                 from /workspaces/cuda-quantum/runtime/cudaq/platform.h:12,
                 from /workspaces/cuda-quantum/runtime/cudaq/qis/qubit_qis.h:13,
                 from /workspaces/cuda-quantum/runtime/cudaq.h:13,
                 from /workspaces/cuda-quantum/runtime/cudaq/cudaq.cpp:9:
/workspaces/cuda-quantum/runtime/common/ObserveResult.h: In member function ‘double cudaq::observe_result::id_coefficient()’:
/workspaces/cuda-quantum/runtime/common/ObserveResult.h:93:25: error: ‘cudaq::spin_op’ {aka ‘class cudaq::operator_sum<cudaq::spin_op>’} has no member named ‘get_terms’; did you mean ‘num_terms’?
   93 |     auto terms = spinOp.get_terms();
      |                         ^~~~~~~~~
      |                         num_terms
In file included from /workspaces/cuda-quantum/runtime/common/ExecutionContext.h:11,
                 from /workspaces/cuda-quantum/runtime/cudaq/platform/quantum_platform.h:11,
                 from /workspaces/cuda-quantum/runtime/cudaq/platform.h:12,
                 from /workspaces/cuda-quantum/runtime/cudaq/qis/qubit_qis.h:13,
                 from /workspaces/cuda-quantum/runtime/cudaq.h:13,
                 from /workspaces/cuda-quantum/runtime/cudaq/cudaq.cpp:9:
/workspaces/cuda-quantum/runtime/common/Future.h: In member function ‘T cudaq::async_result<T>::get()’:
/workspaces/cuda-quantum/runtime/common/Future.h:138:28: error: ‘class cudaq::operator_sum<cudaq::spin_op>’ has no member named ‘get_terms’; did you mean ‘num_terms’?
  138 |       auto terms = spinOp->get_terms();
      |                            ^~~~~~~~~
      |                            num_terms
In file included from /workspaces/cuda-quantum/runtime/cudaq.h:326,
                 from /workspaces/cuda-quantum/runtime/cudaq/cudaq.cpp:9:
/workspaces/cuda-quantum/runtime/cudaq/algorithms/observe.h: In function ‘std::optional<cudaq::observe_result> cudaq::details::runObservation(KernelFunctor&&, cudaq::spin_op&, cudaq::quantum_platform&, int, const string&, std::size_t, cudaq::details::future*, std::size_t, std::size_t, std::optional<long unsigned int>)’:
/workspaces/cuda-quantum/runtime/cudaq/algorithms/observe.h:125:20: error: ‘cudaq::spin_op’ {aka ‘class cudaq::operator_sum<cudaq::spin_op>’} has no member named ‘get_terms’; did you mean ‘num_terms’?
  125 |     auto terms = h.get_terms();
      |                    ^~~~~~~~~
      |                    num_terms
[19/350] Building CXX object runtime/nvqir/custatevec/CMakeFiles/nvqir-custatevec-fp64.dir/CuStateVecCircuitSimulator.cpp.o
FAILED: runtime/nvqir/custatevec/CMakeFiles/nvqir-custatevec-fp64.dir/CuStateVecCircuitSimulator.cpp.o 
/usr/local/llvm/bootstrap/cxx -DCUDAQ_DEBUG -DFMT_HEADER_ONLY=1 -Dnvqir_custatevec_fp64_EXPORTS -I/workspaces/cuda-quantum/build/include -I/workspaces/cuda-quantum/include -I/workspaces/cuda-quantum/runtime/nvqir/custatevec/. -I/workspaces/cuda-quantum/runtime/nvqir/custatevec/.. -I/workspaces/cuda-quantum/runtime/common -I/usr/local/lib/python3.10/dist-packages/cuquantum/include -I/workspaces/cuda-quantum/tpls/fmt/include -I/workspaces/cuda-quantum/runtime -I/workspaces/cuda-quantum/tpls/eigen -isystem /usr/local/llvm/include -isystem /workspaces/cuda-quantum/tpls/json/include -isystem /usr/local/cuda-12.0/include -Wno-ctad-maybe-unsupported -g -std=gnu++20 -fPIC   -D_GNU_SOURCE -D_DEBUG -D__STDC_CONSTANT_MACROS -D__STDC_FORMAT_MACROS -D__STDC_LIMIT_MACROS -Werror -MD -MT runtime/nvqir/custatevec/CMakeFiles/nvqir-custatevec-fp64.dir/CuStateVecCircuitSimulator.cpp.o -MF runtime/nvqir/custatevec/CMakeFiles/nvqir-custatevec-fp64.dir/CuStateVecCircuitSimulator.cpp.o.d -o runtime/nvqir/custatevec/CMakeFiles/nvqir-custatevec-fp64.dir/CuStateVecCircuitSimulator.cpp.o -c /workspaces/cuda-quantum/runtime/nvqir/custatevec/CuStateVecCircuitSimulator.cpp
In file included from /workspaces/cuda-quantum/runtime/common/Future.h:11,
                 from /workspaces/cuda-quantum/runtime/common/ExecutionContext.h:11,
                 from /workspaces/cuda-quantum/runtime/nvqir/custatevec/../QIRTypes.h:11,
                 from /workspaces/cuda-quantum/runtime/nvqir/custatevec/../CircuitSimulator.h:12,
                 from /workspaces/cuda-quantum/runtime/nvqir/custatevec/CuStateVecCircuitSimulator.cpp:10:
/workspaces/cuda-quantum/runtime/common/ObserveResult.h: In member function ‘double cudaq::observe_result::id_coefficient()’:
/workspaces/cuda-quantum/runtime/common/ObserveResult.h:93:25: error: ‘cudaq::spin_op’ {aka ‘class cudaq::operator_sum<cudaq::spin_op>’} has no member named ‘get_terms’; did you mean ‘num_terms’?
   93 |     auto terms = spinOp.get_terms();
      |                         ^~~~~~~~~
      |                         num_terms
In file included from /workspaces/cuda-quantum/runtime/common/ExecutionContext.h:11,
                 from /workspaces/cuda-quantum/runtime/nvqir/custatevec/../QIRTypes.h:11,
                 from /workspaces/cuda-quantum/runtime/nvqir/custatevec/../CircuitSimulator.h:12,
                 from /workspaces/cuda-quantum/runtime/nvqir/custatevec/CuStateVecCircuitSimulator.cpp:10:
/workspaces/cuda-quantum/runtime/common/Future.h: In member function ‘T cudaq::async_result<T>::get()’:
/workspaces/cuda-quantum/runtime/common/Future.h:138:28: error: ‘class cudaq::operator_sum<cudaq::spin_op>’ has no member named ‘get_terms’; did you mean ‘num_terms’?
  138 |       auto terms = spinOp->get_terms();
      |                            ^~~~~~~~~
      |                            num_terms
In file included from /workspaces/cuda-quantum/runtime/nvqir/custatevec/CuStateVecCircuitSimulator.cpp:10:
/workspaces/cuda-quantum/runtime/nvqir/custatevec/../CircuitSimulator.h: In member function ‘void nvqir::CircuitSimulatorBase<ScalarType>::measureSpinOp(const spin_op&)’:
/workspaces/cuda-quantum/runtime/nvqir/custatevec/../CircuitSimulator.h:1431:21: error: ‘const spin_op’ {aka ‘const class cudaq::operator_sum<cudaq::spin_op>’} has no member named ‘get_terms’; did you mean ‘num_terms’?
 1431 |     auto terms = op.get_terms();
      |                     ^~~~~~~~~
      |                     num_terms
/workspaces/cuda-quantum/runtime/nvqir/custatevec/CuStateVecCircuitSimulator.cpp: In member function ‘cudaq::observe_result {anonymous}::CuStateVecCircuitSimulator<ScalarType>::observe(const spin_op&)’:
/workspaces/cuda-quantum/runtime/nvqir/custatevec/CuStateVecCircuitSimulator.cpp:593:21: error: ‘const spin_op’ {aka ‘const class cudaq::operator_sum<cudaq::spin_op>’} has no member named ‘get_terms’; did you mean ‘num_terms’?
  593 |     auto terms = op.get_terms();
      |                     ^~~~~~~~~
      |                     num_terms
[20/350] Building CXX object runtime/cudaq/qis/managers/default/CMakeFiles/cudaq-em-default.dir/__/__/execution_manager.cpp.o
[21/350] Building CXX object runtime/common/CMakeFiles/cudaq-common.dir/Future.cpp.o
FAILED: runtime/common/CMakeFiles/cudaq-common.dir/Future.cpp.o 
/usr/local/llvm/bootstrap/cxx -DCUDAQ_DEBUG -DCUDAQ_RESTCLIENT_AVAILABLE -DSPDLOG_COMPILED_LIB -DSPDLOG_FMT_EXTERNAL -D_DEBUG -D__STDC_CONSTANT_MACROS -D__STDC_FORMAT_MACROS -D__STDC_LIMIT_MACROS -Dcudaq_common_EXPORTS -I/workspaces/cuda-quantum/build/include -I/workspaces/cuda-quantum/include -I/workspaces/cuda-quantum/runtime/common/. -I/workspaces/cuda-quantum/tpls/eigen -I/workspaces/cuda-quantum/runtime -I/workspaces/cuda-quantum/tpls/fmt/include -I/workspaces/cuda-quantum/tpls/cpr/include -I/workspaces/cuda-quantum/build/tpls/cpr/cpr_generated_includes -isystem /usr/local/llvm/include -isystem /workspaces/cuda-quantum/tpls/json/include -isystem /workspaces/cuda-quantum/tpls/spdlog/include -isystem /usr/local/curl/include -isystem /usr/local/zlib/include -fPIC -fno-semantic-interposition -fvisibility-inlines-hidden -Werror=date-time -Wall -Wextra -Wno-unused-parameter -Wwrite-strings -Wcast-qual -Wno-missing-field-initializers -Wimplicit-fallthrough -Wno-class-memaccess -Wno-redundant-move -Wno-pessimizing-move -Wno-noexcept-type -Wdelete-non-virtual-dtor -Wsuggest-override -Wno-comment -Wno-misleading-indentation -Wctad-maybe-unsupported -fdiagnostics-color -g -std=gnu++20 -fPIC   -D_GNU_SOURCE -D_DEBUG -D__STDC_CONSTANT_MACROS -D__STDC_FORMAT_MACROS -D__STDC_LIMIT_MACROS -Werror -MD -MT runtime/common/CMakeFiles/cudaq-common.dir/Future.cpp.o -MF runtime/common/CMakeFiles/cudaq-common.dir/Future.cpp.o.d -o runtime/common/CMakeFiles/cudaq-common.dir/Future.cpp.o -c /workspaces/cuda-quantum/runtime/common/Future.cpp
In file included from /workspaces/cuda-quantum/runtime/common/Future.h:11,
                 from /workspaces/cuda-quantum/runtime/common/Future.cpp:9:
/workspaces/cuda-quantum/runtime/common/ObserveResult.h: In member function ‘double cudaq::observe_result::id_coefficient()’:
/workspaces/cuda-quantum/runtime/common/ObserveResult.h:93:25: error: ‘cudaq::spin_op’ {aka ‘class cudaq::operator_sum<cudaq::spin_op>’} has no member named ‘get_terms’; did you mean ‘num_terms’?
   93 |     auto terms = spinOp.get_terms();
      |                         ^~~~~~~~~
      |                         num_terms
In file included from /workspaces/cuda-quantum/runtime/common/Future.cpp:9:
/workspaces/cuda-quantum/runtime/common/Future.h: In member function ‘T cudaq::async_result<T>::get()’:
/workspaces/cuda-quantum/runtime/common/Future.h:138:28: error: ‘class cudaq::operator_sum<cudaq::spin_op>’ has no member named ‘get_terms’; did you mean ‘num_terms’?
  138 |       auto terms = spinOp->get_terms();
      |                            ^~~~~~~~~
      |                            num_terms
[22/350] Building CXX object runtime/nvqir/custatevec/CMakeFiles/nvqir-custatevec-fp32.dir/CuStateVecCircuitSimulatorF32.cpp.o
FAILED: runtime/nvqir/custatevec/CMakeFiles/nvqir-custatevec-fp32.dir/CuStateVecCircuitSimulatorF32.cpp.o 
/usr/local/llvm/bootstrap/cxx -DCUDAQ_DEBUG -DFMT_HEADER_ONLY=1 -Dnvqir_custatevec_fp32_EXPORTS -I/workspaces/cuda-quantum/build/include -I/workspaces/cuda-quantum/include -I/workspaces/cuda-quantum/runtime/nvqir/custatevec/. -I/workspaces/cuda-quantum/runtime/nvqir/custatevec/.. -I/workspaces/cuda-quantum/runtime/common -I/usr/local/lib/python3.10/dist-packages/cuquantum/include -I/workspaces/cuda-quantum/tpls/fmt/include -I/workspaces/cuda-quantum/runtime -I/workspaces/cuda-quantum/tpls/eigen -isystem /usr/local/llvm/include -isystem /workspaces/cuda-quantum/tpls/json/include -isystem /usr/local/cuda-12.0/include -Wno-ctad-maybe-unsupported -g -std=gnu++20 -fPIC   -D_GNU_SOURCE -D_DEBUG -D__STDC_CONSTANT_MACROS -D__STDC_FORMAT_MACROS -D__STDC_LIMIT_MACROS -Werror -MD -MT runtime/nvqir/custatevec/CMakeFiles/nvqir-custatevec-fp32.dir/CuStateVecCircuitSimulatorF32.cpp.o -MF runtime/nvqir/custatevec/CMakeFiles/nvqir-custatevec-fp32.dir/CuStateVecCircuitSimulatorF32.cpp.o.d -o runtime/nvqir/custatevec/CMakeFiles/nvqir-custatevec-fp32.dir/CuStateVecCircuitSimulatorF32.cpp.o -c /workspaces/cuda-quantum/runtime/nvqir/custatevec/CuStateVecCircuitSimulatorF32.cpp
In file included from /workspaces/cuda-quantum/runtime/common/Future.h:11,
                 from /workspaces/cuda-quantum/runtime/common/ExecutionContext.h:11,
                 from /workspaces/cuda-quantum/runtime/nvqir/custatevec/../QIRTypes.h:11,
                 from /workspaces/cuda-quantum/runtime/nvqir/custatevec/../CircuitSimulator.h:12,
                 from /workspaces/cuda-quantum/runtime/nvqir/custatevec/CuStateVecCircuitSimulator.cpp:10,
                 from /workspaces/cuda-quantum/runtime/nvqir/custatevec/CuStateVecCircuitSimulatorF32.cpp:10:
/workspaces/cuda-quantum/runtime/common/ObserveResult.h: In member function ‘double cudaq::observe_result::id_coefficient()’:
/workspaces/cuda-quantum/runtime/common/ObserveResult.h:93:25: error: ‘cudaq::spin_op’ {aka ‘class cudaq::operator_sum<cudaq::spin_op>’} has no member named ‘get_terms’; did you mean ‘num_terms’?
   93 |     auto terms = spinOp.get_terms();
      |                         ^~~~~~~~~
      |                         num_terms
In file included from /workspaces/cuda-quantum/runtime/common/ExecutionContext.h:11,
                 from /workspaces/cuda-quantum/runtime/nvqir/custatevec/../QIRTypes.h:11,
                 from /workspaces/cuda-quantum/runtime/nvqir/custatevec/../CircuitSimulator.h:12,
                 from /workspaces/cuda-quantum/runtime/nvqir/custatevec/CuStateVecCircuitSimulator.cpp:10,
                 from /workspaces/cuda-quantum/runtime/nvqir/custatevec/CuStateVecCircuitSimulatorF32.cpp:10:
/workspaces/cuda-quantum/runtime/common/Future.h: In member function ‘T cudaq::async_result<T>::get()’:
/workspaces/cuda-quantum/runtime/common/Future.h:138:28: error: ‘class cudaq::operator_sum<cudaq::spin_op>’ has no member named ‘get_terms’; did you mean ‘num_terms’?
  138 |       auto terms = spinOp->get_terms();
      |                            ^~~~~~~~~
      |                            num_terms
In file included from /workspaces/cuda-quantum/runtime/nvqir/custatevec/CuStateVecCircuitSimulator.cpp:10,
                 from /workspaces/cuda-quantum/runtime/nvqir/custatevec/CuStateVecCircuitSimulatorF32.cpp:10:
/workspaces/cuda-quantum/runtime/nvqir/custatevec/../CircuitSimulator.h: In member function ‘void nvqir::CircuitSimulatorBase<ScalarType>::measureSpinOp(const spin_op&)’:
/workspaces/cuda-quantum/runtime/nvqir/custatevec/../CircuitSimulator.h:1431:21: error: ‘const spin_op’ {aka ‘const class cudaq::operator_sum<cudaq::spin_op>’} has no member named ‘get_terms’; did you mean ‘num_terms’?
 1431 |     auto terms = op.get_terms();
      |                     ^~~~~~~~~
      |                     num_terms
In file included from /workspaces/cuda-quantum/runtime/nvqir/custatevec/CuStateVecCircuitSimulatorF32.cpp:10:
/workspaces/cuda-quantum/runtime/nvqir/custatevec/CuStateVecCircuitSimulator.cpp: In member function ‘cudaq::observe_result {anonymous}::CuStateVecCircuitSimulator<ScalarType>::observe(const spin_op&)’:
/workspaces/cuda-quantum/runtime/nvqir/custatevec/CuStateVecCircuitSimulator.cpp:593:21: error: ‘const spin_op’ {aka ‘const class cudaq::operator_sum<cudaq::spin_op>’} has no member named ‘get_terms’; did you mean ‘num_terms’?
  593 |     auto terms = op.get_terms();
      |                     ^~~~~~~~~
      |                     num_terms
ninja: build stopped: interrupted by user.
