# This is the CMakeCache file.
# For build in directory: /cuda-quantum/python/_skbuild/linux-x86_64-3.10/cmake-build
# It was generated by CMake: /usr/local/lib/python3.10/dist-packages/cmake/data/bin/cmake
# You can edit this file to change values found and used by cmake.
# If you do not want to change any of the values, simply exit the editor.
# If you do want to change a value, simply edit, save, and exit the editor.
# The syntax for the file is as follows:
# KEY:TYPE=VALUE
# KEY is the name of a variable in the cache.
# TYPE is a hint to GUIs for the type of VALUE, DO NOT EDIT TYPE!.
# VALUE is the current value for the KEY.

########################
# EXTERNAL cache entries
########################

//No help, variable specified on the command line.
BLAS_LIBRARIES:UNINITIALIZED=/usr/lib64/libblas.a

//Path to a program.
CMAKE_ADDR2LINE:FILEPATH=/opt/llvm/clang-16/bin/llvm-addr2line

//Path to a program.
CMAKE_AR:FILEPATH=/opt/llvm/clang-16/bin/llvm-ar

//For backwards compatibility, what version of CMake commands and
// syntax should this version of CMake try to support.
CMAKE_BACKWARDS_COMPATIBILITY:STRING=2.4

//No help, variable specified on the command line.
CMAKE_BUILD_TYPE:STRING=Release

//No help, variable specified on the command line.
CMAKE_COMPILE_WARNING_AS_ERROR:UNINITIALIZED=OFF

//CXX compiler
CMAKE_CXX_COMPILER:FILEPATH=/opt/llvm/clang-16/bin/clang++

//LLVM archiver
CMAKE_CXX_COMPILER_AR:FILEPATH=/opt/llvm/clang-16/bin/llvm-ar

//Generate index for LLVM archive
CMAKE_CXX_COMPILER_RANLIB:FILEPATH=/opt/llvm/clang-16/bin/llvm-ranlib

//Flags used by the CXX compiler during all build types.
CMAKE_CXX_FLAGS:STRING=

//Flags used by the CXX compiler during DEBUG builds.
CMAKE_CXX_FLAGS_DEBUG:STRING=-g

//Flags used by the CXX compiler during MINSIZEREL builds.
CMAKE_CXX_FLAGS_MINSIZEREL:STRING=-Os -DNDEBUG

//Flags used by the CXX compiler during RELEASE builds.
CMAKE_CXX_FLAGS_RELEASE:STRING=-O3 -DNDEBUG

//Flags used by the CXX compiler during RELWITHDEBINFO builds.
CMAKE_CXX_FLAGS_RELWITHDEBINFO:STRING=-O2 -g -DNDEBUG

//C compiler
CMAKE_C_COMPILER:FILEPATH=/opt/llvm/clang-16/bin/clang

//LLVM archiver
CMAKE_C_COMPILER_AR:FILEPATH=/opt/llvm/clang-16/bin/llvm-ar

//Generate index for LLVM archive
CMAKE_C_COMPILER_RANLIB:FILEPATH=/opt/llvm/clang-16/bin/llvm-ranlib

//Flags used by the C compiler during all build types.
CMAKE_C_FLAGS:STRING=

//Flags used by the C compiler during DEBUG builds.
CMAKE_C_FLAGS_DEBUG:STRING=-g

//Flags used by the C compiler during MINSIZEREL builds.
CMAKE_C_FLAGS_MINSIZEREL:STRING=-Os -DNDEBUG

//Flags used by the C compiler during RELEASE builds.
CMAKE_C_FLAGS_RELEASE:STRING=-O3 -DNDEBUG

//Flags used by the C compiler during RELWITHDEBINFO builds.
CMAKE_C_FLAGS_RELWITHDEBINFO:STRING=-O2 -g -DNDEBUG

//Path to a program.
CMAKE_DLLTOOL:FILEPATH=/opt/llvm/clang-16/bin/llvm-dlltool

//Flags used by the linker during all build types.
CMAKE_EXE_LINKER_FLAGS:STRING=-static-libgcc -static-libstdc++

//Flags used by the linker during DEBUG builds.
CMAKE_EXE_LINKER_FLAGS_DEBUG:STRING=

//Flags used by the linker during MINSIZEREL builds.
CMAKE_EXE_LINKER_FLAGS_MINSIZEREL:STRING=

//Flags used by the linker during RELEASE builds.
CMAKE_EXE_LINKER_FLAGS_RELEASE:STRING=

//Flags used by the linker during RELWITHDEBINFO builds.
CMAKE_EXE_LINKER_FLAGS_RELWITHDEBINFO:STRING=

//Enable/Disable output of compile commands during generation.
CMAKE_EXPORT_COMPILE_COMMANDS:BOOL=

//Value Computed by CMake.
CMAKE_FIND_PACKAGE_REDIRECTS_DIR:STATIC=/cuda-quantum/python/_skbuild/linux-x86_64-3.10/cmake-build/CMakeFiles/pkgRedirects

//No help, variable specified on the command line.
CMAKE_INSTALL_LIBDIR:UNINITIALIZED=lib

//No help, variable specified on the command line.
CMAKE_INSTALL_PREFIX:PATH=/cuda-quantum/python/_skbuild/linux-x86_64-3.10/cmake-install/lib/python3.10/site-packages/cudaq

//Path to a program.
CMAKE_LINKER:FILEPATH=/usr/bin/ld

//Program used to build from build.ninja files.
CMAKE_MAKE_PROGRAM:FILEPATH=/usr/bin/ninja

//Flags used by the linker during the creation of modules during
// all build types.
CMAKE_MODULE_LINKER_FLAGS:STRING=

//Flags used by the linker during the creation of modules during
// DEBUG builds.
CMAKE_MODULE_LINKER_FLAGS_DEBUG:STRING=

//Flags used by the linker during the creation of modules during
// MINSIZEREL builds.
CMAKE_MODULE_LINKER_FLAGS_MINSIZEREL:STRING=

//Flags used by the linker during the creation of modules during
// RELEASE builds.
CMAKE_MODULE_LINKER_FLAGS_RELEASE:STRING=

//Flags used by the linker during the creation of modules during
// RELWITHDEBINFO builds.
CMAKE_MODULE_LINKER_FLAGS_RELWITHDEBINFO:STRING=

//No help, variable specified on the command line.
CMAKE_MODULE_PATH:PATH=/tmp/build-env-tww74dv9/lib/python3.10/site-packages/skbuild/resources/cmake

//Path to a program.
CMAKE_NM:FILEPATH=/opt/llvm/clang-16/bin/llvm-nm

//Path to a program.
CMAKE_OBJCOPY:FILEPATH=/opt/llvm/clang-16/bin/llvm-objcopy

//Path to a program.
CMAKE_OBJDUMP:FILEPATH=/opt/llvm/clang-16/bin/llvm-objdump

//Value Computed by CMake
CMAKE_PROJECT_DESCRIPTION:STATIC=

//Value Computed by CMake
CMAKE_PROJECT_HOMEPAGE_URL:STATIC=

//Value Computed by CMake
CMAKE_PROJECT_NAME:STATIC=Project

//Path to a program.
CMAKE_RANLIB:FILEPATH=/opt/llvm/clang-16/bin/llvm-ranlib

//Path to a program.
CMAKE_READELF:FILEPATH=/opt/llvm/clang-16/bin/llvm-readelf

//Flags used by the linker during the creation of shared libraries
// during all build types.
CMAKE_SHARED_LINKER_FLAGS:STRING=-static-libgcc -static-libstdc++

//Flags used by the linker during the creation of shared libraries
// during DEBUG builds.
CMAKE_SHARED_LINKER_FLAGS_DEBUG:STRING=

//Flags used by the linker during the creation of shared libraries
// during MINSIZEREL builds.
CMAKE_SHARED_LINKER_FLAGS_MINSIZEREL:STRING=

//Flags used by the linker during the creation of shared libraries
// during RELEASE builds.
CMAKE_SHARED_LINKER_FLAGS_RELEASE:STRING=

//Flags used by the linker during the creation of shared libraries
// during RELWITHDEBINFO builds.
CMAKE_SHARED_LINKER_FLAGS_RELWITHDEBINFO:STRING=

//If set, runtime paths are not added when installing shared libraries,
// but are added when building.
CMAKE_SKIP_INSTALL_RPATH:BOOL=NO

//If set, runtime paths are not added when using shared libraries.
CMAKE_SKIP_RPATH:BOOL=NO

//Flags used by the linker during the creation of static libraries
// during all build types.
CMAKE_STATIC_LINKER_FLAGS:STRING=

//Flags used by the linker during the creation of static libraries
// during DEBUG builds.
CMAKE_STATIC_LINKER_FLAGS_DEBUG:STRING=

//Flags used by the linker during the creation of static libraries
// during MINSIZEREL builds.
CMAKE_STATIC_LINKER_FLAGS_MINSIZEREL:STRING=

//Flags used by the linker during the creation of static libraries
// during RELEASE builds.
CMAKE_STATIC_LINKER_FLAGS_RELEASE:STRING=

//Flags used by the linker during the creation of static libraries
// during RELWITHDEBINFO builds.
CMAKE_STATIC_LINKER_FLAGS_RELWITHDEBINFO:STRING=

//Path to a program.
CMAKE_STRIP:FILEPATH=/opt/llvm/clang-16/bin/llvm-strip

//If this value is on, makefiles will be generated without the
// .SILENT directive, and all commands will be echoed to the console
// during the make.  This is useful for debugging only. With Visual
// Studio IDE projects all commands are done without /nologo.
CMAKE_VERBOSE_MAKEFILE:BOOL=FALSE

//No help, variable specified on the command line.
CUDAQ_BUILD_RELOCATABLE_PACKAGE:UNINITIALIZED=TRUE

//No help, variable specified on the command line.
CUDAQ_BUILD_TESTS:UNINITIALIZED=FALSE

//No help, variable specified on the command line.
CUDAQ_DISABLE_CPP_FRONTEND:UNINITIALIZED=ON

//No help, variable specified on the command line.
CUDAQ_ENABLE_PYTHON:UNINITIALIZED=TRUE

//Single output directory for building all executables.
EXECUTABLE_OUTPUT_PATH:PATH=

//Single output directory for building all libraries.
LIBRARY_OUTPUT_PATH:PATH=

//No help, variable specified on the command line.
OPENSSL_ROOT_DIR:UNINITIALIZED=/usr/local/ssl

//No help, variable specified on the command line.
OPENSSL_USE_STATIC_LIBS:UNINITIALIZED=TRUE

//No help, variable specified on the command line.
PYTHON_EXECUTABLE:PATH=/tmp/build-env-tww74dv9/bin/python

//No help, variable specified on the command line.
PYTHON_INCLUDE_DIR:PATH=/usr/include/python3.10

//No help, variable specified on the command line.
PYTHON_LIBRARY:PATH=/usr/lib/x86_64-linux-gnu/libpython3.10.so

//No help, variable specified on the command line.
PYTHON_VERSION_STRING:STRING=3.10.6

//Value Computed by CMake
Project_BINARY_DIR:STATIC=/cuda-quantum/python/_skbuild/linux-x86_64-3.10/cmake-build

//Value Computed by CMake
Project_IS_TOP_LEVEL:STATIC=ON

//Value Computed by CMake
Project_SOURCE_DIR:STATIC=/cuda-quantum/python

//No help, variable specified on the command line.
Python3_EXECUTABLE:PATH=/tmp/build-env-tww74dv9/bin/python

//No help, variable specified on the command line.
Python3_FIND_REGISTRY:STRING=NEVER

//No help, variable specified on the command line.
Python3_INCLUDE_DIR:PATH=/usr/include/python3.10

//No help, variable specified on the command line.
Python3_NumPy_INCLUDE_DIRS:PATH=/tmp/build-env-tww74dv9/lib/python3.10/site-packages/numpy/core/include

//No help, variable specified on the command line.
Python3_ROOT_DIR:PATH=/tmp/build-env-tww74dv9

//No help, variable specified on the command line.
Python_EXECUTABLE:PATH=/tmp/build-env-tww74dv9/bin/python

//No help, variable specified on the command line.
Python_FIND_REGISTRY:STRING=NEVER

//No help, variable specified on the command line.
Python_INCLUDE_DIR:PATH=/usr/include/python3.10

//No help, variable specified on the command line.
Python_NumPy_INCLUDE_DIRS:PATH=/tmp/build-env-tww74dv9/lib/python3.10/site-packages/numpy/core/include

//No help, variable specified on the command line.
Python_ROOT_DIR:PATH=/tmp/build-env-tww74dv9

//No help, variable specified on the command line.
ZLIB_USE_STATIC_LIBS:UNINITIALIZED=TRUE

//The directory containing a CMake configuration file for pybind11.
pybind11_DIR:PATH=pybind11_DIR-NOTFOUND


########################
# INTERNAL cache entries
########################

//ADVANCED property for variable: CMAKE_ADDR2LINE
CMAKE_ADDR2LINE-ADVANCED:INTERNAL=1
//ADVANCED property for variable: CMAKE_AR
CMAKE_AR-ADVANCED:INTERNAL=1
//This is the directory where this CMakeCache.txt was created
CMAKE_CACHEFILE_DIR:INTERNAL=/cuda-quantum/python/_skbuild/linux-x86_64-3.10/cmake-build
//Major version of cmake used to create the current loaded cache
CMAKE_CACHE_MAJOR_VERSION:INTERNAL=3
//Minor version of cmake used to create the current loaded cache
CMAKE_CACHE_MINOR_VERSION:INTERNAL=25
//Patch version of cmake used to create the current loaded cache
CMAKE_CACHE_PATCH_VERSION:INTERNAL=0
//Path to CMake executable.
CMAKE_COMMAND:INTERNAL=/usr/local/lib/python3.10/dist-packages/cmake/data/bin/cmake
//Path to cpack program executable.
CMAKE_CPACK_COMMAND:INTERNAL=/usr/local/lib/python3.10/dist-packages/cmake/data/bin/cpack
//Path to ctest program executable.
CMAKE_CTEST_COMMAND:INTERNAL=/usr/local/lib/python3.10/dist-packages/cmake/data/bin/ctest
//ADVANCED property for variable: CMAKE_CXX_COMPILER
CMAKE_CXX_COMPILER-ADVANCED:INTERNAL=1
//ADVANCED property for variable: CMAKE_CXX_COMPILER_AR
CMAKE_CXX_COMPILER_AR-ADVANCED:INTERNAL=1
//ADVANCED property for variable: CMAKE_CXX_COMPILER_RANLIB
CMAKE_CXX_COMPILER_RANLIB-ADVANCED:INTERNAL=1
//ADVANCED property for variable: CMAKE_CXX_FLAGS
CMAKE_CXX_FLAGS-ADVANCED:INTERNAL=1
//ADVANCED property for variable: CMAKE_CXX_FLAGS_DEBUG
CMAKE_CXX_FLAGS_DEBUG-ADVANCED:INTERNAL=1
//ADVANCED property for variable: CMAKE_CXX_FLAGS_MINSIZEREL
CMAKE_CXX_FLAGS_MINSIZEREL-ADVANCED:INTERNAL=1
//ADVANCED property for variable: CMAKE_CXX_FLAGS_RELEASE
CMAKE_CXX_FLAGS_RELEASE-ADVANCED:INTERNAL=1
//ADVANCED property for variable: CMAKE_CXX_FLAGS_RELWITHDEBINFO
CMAKE_CXX_FLAGS_RELWITHDEBINFO-ADVANCED:INTERNAL=1
//ADVANCED property for variable: CMAKE_C_COMPILER
CMAKE_C_COMPILER-ADVANCED:INTERNAL=1
//ADVANCED property for variable: CMAKE_C_COMPILER_AR
CMAKE_C_COMPILER_AR-ADVANCED:INTERNAL=1
//ADVANCED property for variable: CMAKE_C_COMPILER_RANLIB
CMAKE_C_COMPILER_RANLIB-ADVANCED:INTERNAL=1
//ADVANCED property for variable: CMAKE_C_FLAGS
CMAKE_C_FLAGS-ADVANCED:INTERNAL=1
//ADVANCED property for variable: CMAKE_C_FLAGS_DEBUG
CMAKE_C_FLAGS_DEBUG-ADVANCED:INTERNAL=1
//ADVANCED property for variable: CMAKE_C_FLAGS_MINSIZEREL
CMAKE_C_FLAGS_MINSIZEREL-ADVANCED:INTERNAL=1
//ADVANCED property for variable: CMAKE_C_FLAGS_RELEASE
CMAKE_C_FLAGS_RELEASE-ADVANCED:INTERNAL=1
//ADVANCED property for variable: CMAKE_C_FLAGS_RELWITHDEBINFO
CMAKE_C_FLAGS_RELWITHDEBINFO-ADVANCED:INTERNAL=1
//ADVANCED property for variable: CMAKE_DLLTOOL
CMAKE_DLLTOOL-ADVANCED:INTERNAL=1
//Executable file format
CMAKE_EXECUTABLE_FORMAT:INTERNAL=ELF
//ADVANCED property for variable: CMAKE_EXE_LINKER_FLAGS
CMAKE_EXE_LINKER_FLAGS-ADVANCED:INTERNAL=1
//ADVANCED property for variable: CMAKE_EXE_LINKER_FLAGS_DEBUG
CMAKE_EXE_LINKER_FLAGS_DEBUG-ADVANCED:INTERNAL=1
//ADVANCED property for variable: CMAKE_EXE_LINKER_FLAGS_MINSIZEREL
CMAKE_EXE_LINKER_FLAGS_MINSIZEREL-ADVANCED:INTERNAL=1
//ADVANCED property for variable: CMAKE_EXE_LINKER_FLAGS_RELEASE
CMAKE_EXE_LINKER_FLAGS_RELEASE-ADVANCED:INTERNAL=1
//ADVANCED property for variable: CMAKE_EXE_LINKER_FLAGS_RELWITHDEBINFO
CMAKE_EXE_LINKER_FLAGS_RELWITHDEBINFO-ADVANCED:INTERNAL=1
//ADVANCED property for variable: CMAKE_EXPORT_COMPILE_COMMANDS
CMAKE_EXPORT_COMPILE_COMMANDS-ADVANCED:INTERNAL=1
//Name of external makefile project generator.
CMAKE_EXTRA_GENERATOR:INTERNAL=
//Name of generator.
CMAKE_GENERATOR:INTERNAL=Ninja
//Generator instance identifier.
CMAKE_GENERATOR_INSTANCE:INTERNAL=
//Name of generator platform.
CMAKE_GENERATOR_PLATFORM:INTERNAL=
//Name of generator toolset.
CMAKE_GENERATOR_TOOLSET:INTERNAL=
//Source directory with the top level CMakeLists.txt file for this
// project
CMAKE_HOME_DIRECTORY:INTERNAL=/cuda-quantum/python
//Install .so files without execute permission.
CMAKE_INSTALL_SO_NO_EXE:INTERNAL=1
//ADVANCED property for variable: CMAKE_LINKER
CMAKE_LINKER-ADVANCED:INTERNAL=1
//ADVANCED property for variable: CMAKE_MAKE_PROGRAM
CMAKE_MAKE_PROGRAM-ADVANCED:INTERNAL=1
//ADVANCED property for variable: CMAKE_MODULE_LINKER_FLAGS
CMAKE_MODULE_LINKER_FLAGS-ADVANCED:INTERNAL=1
//ADVANCED property for variable: CMAKE_MODULE_LINKER_FLAGS_DEBUG
CMAKE_MODULE_LINKER_FLAGS_DEBUG-ADVANCED:INTERNAL=1
//ADVANCED property for variable: CMAKE_MODULE_LINKER_FLAGS_MINSIZEREL
CMAKE_MODULE_LINKER_FLAGS_MINSIZEREL-ADVANCED:INTERNAL=1
//ADVANCED property for variable: CMAKE_MODULE_LINKER_FLAGS_RELEASE
CMAKE_MODULE_LINKER_FLAGS_RELEASE-ADVANCED:INTERNAL=1
//ADVANCED property for variable: CMAKE_MODULE_LINKER_FLAGS_RELWITHDEBINFO
CMAKE_MODULE_LINKER_FLAGS_RELWITHDEBINFO-ADVANCED:INTERNAL=1
//ADVANCED property for variable: CMAKE_NM
CMAKE_NM-ADVANCED:INTERNAL=1
//number of local generators
CMAKE_NUMBER_OF_MAKEFILES:INTERNAL=1
//ADVANCED property for variable: CMAKE_OBJCOPY
CMAKE_OBJCOPY-ADVANCED:INTERNAL=1
//ADVANCED property for variable: CMAKE_OBJDUMP
CMAKE_OBJDUMP-ADVANCED:INTERNAL=1
//Platform information initialized
CMAKE_PLATFORM_INFO_INITIALIZED:INTERNAL=1
//ADVANCED property for variable: CMAKE_RANLIB
CMAKE_RANLIB-ADVANCED:INTERNAL=1
//ADVANCED property for variable: CMAKE_READELF
CMAKE_READELF-ADVANCED:INTERNAL=1
//Path to CMake installation.
CMAKE_ROOT:INTERNAL=/usr/local/lib/python3.10/dist-packages/cmake/data/share/cmake-3.25
//ADVANCED property for variable: CMAKE_SHARED_LINKER_FLAGS
CMAKE_SHARED_LINKER_FLAGS-ADVANCED:INTERNAL=1
//ADVANCED property for variable: CMAKE_SHARED_LINKER_FLAGS_DEBUG
CMAKE_SHARED_LINKER_FLAGS_DEBUG-ADVANCED:INTERNAL=1
//ADVANCED property for variable: CMAKE_SHARED_LINKER_FLAGS_MINSIZEREL
CMAKE_SHARED_LINKER_FLAGS_MINSIZEREL-ADVANCED:INTERNAL=1
//ADVANCED property for variable: CMAKE_SHARED_LINKER_FLAGS_RELEASE
CMAKE_SHARED_LINKER_FLAGS_RELEASE-ADVANCED:INTERNAL=1
//ADVANCED property for variable: CMAKE_SHARED_LINKER_FLAGS_RELWITHDEBINFO
CMAKE_SHARED_LINKER_FLAGS_RELWITHDEBINFO-ADVANCED:INTERNAL=1
//ADVANCED property for variable: CMAKE_SKIP_INSTALL_RPATH
CMAKE_SKIP_INSTALL_RPATH-ADVANCED:INTERNAL=1
//ADVANCED property for variable: CMAKE_SKIP_RPATH
CMAKE_SKIP_RPATH-ADVANCED:INTERNAL=1
//ADVANCED property for variable: CMAKE_STATIC_LINKER_FLAGS
CMAKE_STATIC_LINKER_FLAGS-ADVANCED:INTERNAL=1
//ADVANCED property for variable: CMAKE_STATIC_LINKER_FLAGS_DEBUG
CMAKE_STATIC_LINKER_FLAGS_DEBUG-ADVANCED:INTERNAL=1
//ADVANCED property for variable: CMAKE_STATIC_LINKER_FLAGS_MINSIZEREL
CMAKE_STATIC_LINKER_FLAGS_MINSIZEREL-ADVANCED:INTERNAL=1
//ADVANCED property for variable: CMAKE_STATIC_LINKER_FLAGS_RELEASE
CMAKE_STATIC_LINKER_FLAGS_RELEASE-ADVANCED:INTERNAL=1
//ADVANCED property for variable: CMAKE_STATIC_LINKER_FLAGS_RELWITHDEBINFO
CMAKE_STATIC_LINKER_FLAGS_RELWITHDEBINFO-ADVANCED:INTERNAL=1
//ADVANCED property for variable: CMAKE_STRIP
CMAKE_STRIP-ADVANCED:INTERNAL=1
//uname command
CMAKE_UNAME:INTERNAL=/usr/bin/uname
//ADVANCED property for variable: CMAKE_VERBOSE_MAKEFILE
CMAKE_VERBOSE_MAKEFILE-ADVANCED:INTERNAL=1
//Details about finding Python
FIND_PACKAGE_MESSAGE_DETAILS_Python:INTERNAL=[/tmp/build-env-tww74dv9/bin/python][cfound components: Interpreter ][v3.10.6()]
//No help, variable specified on the command line.
SKBUILD:INTERNAL=TRUE
//linker supports push/pop state
_CMAKE_LINKER_PUSHPOP_STATE_SUPPORTED:INTERNAL=TRUE
//Compiler reason failure
_Python_Compiler_REASON_FAILURE:INTERNAL=
//Development reason failure
_Python_Development_REASON_FAILURE:INTERNAL=
_Python_EXECUTABLE:INTERNAL=/tmp/build-env-tww74dv9/bin/python
//Python Properties
_Python_INTERPRETER_PROPERTIES:INTERNAL=Python;3;10;6;64;;cpython-310-x86_64-linux-gnu;/usr/lib/python3.10;/usr/lib/python3.10;/tmp/build-env-tww74dv9/lib/python3.10/site-packages;/tmp/build-env-tww74dv9/lib/python3.10/site-packages
_Python_INTERPRETER_SIGNATURE:INTERNAL=26fc8a8de79e1a8a90b7017f6265c7b8
//NumPy reason failure
_Python_NumPy_REASON_FAILURE:INTERNAL=

